<?xml version="1.0" encoding="UTF-8"?>
<testsuite xmlns:xsi="http://www.w3.org/2001/XMLSchema-instance" xsi:noNamespaceSchemaLocation="https://maven.apache.org/surefire/maven-surefire-plugin/xsd/surefire-test-report-3.0.xsd" version="3.0" name="com.consentmanager.utils.JwtUtilTest" time="1.081" tests="14" errors="0" skipped="0" failures="0">
  <properties>
[...]
</properties>
  <testcase name="testVerifyToken_emptyToken_returnsEmpty" classname="com.consentmanager.utils.JwtUtilTest" time="0.048">
    <system-out><![CDATA[2025-07-01 16:46:27.568 [main] INFO  c.consentmanager.utils.JwtUtilTest - Attempted to set JWT_SECRET_KEY system property to: test-secret-key-that-is-definitely-long-enough-for-testing-this
2025-07-01 16:46:27.615 [main] INFO  c.consentmanager.utils.JwtUtilTest - JwtUtilTest will run with the secret key JwtUtil has initialized with (either from ENV or fallback).
2025-07-01 16:46:27.656 [main] WARN  com.consentmanager.utils.JwtUtil - Attempted to verify a null or empty JWT.
]]></system-out>
  </testcase>
  <testcase name="testGetRole_fromDecodedJWT" classname="com.consentmanager.utils.JwtUtilTest" time="0.446">
    <system-out><![CDATA[2025-07-01 16:46:28.072 [main] DEBUG com.consentmanager.utils.JwtUtil - JWT generated successfully for credential ID: 88
2025-07-01 16:46:28.122 [main] DEBUG com.consentmanager.utils.JwtUtil - JWT verified successfully for subject: 88
]]></system-out>
  </testcase>
  <testcase name="testGenerateToken_success" classname="com.consentmanager.utils.JwtUtilTest" time="0.004">
    <system-out><![CDATA[2025-07-01 16:46:28.128 [main] DEBUG com.consentmanager.utils.JwtUtil - JWT generated successfully for credential ID: 1
2025-07-01 16:46:28.129 [main] DEBUG c.consentmanager.utils.JwtUtilTest - Generated token for test: eyJhbGciOiJIUzI1NiIsInR5cCI6IkpXVCJ9.eyJpc3MiOiJjb20uY29uc2VudG1hbmFnZXIiLCJzdWIiOiIxIiwiY3JlZGVudGlhbElkIjoxLCJyb2xlIjoiYWRtaW4iLCJpYXQiOjE3NTEzODgzODgsImV4cCI6MTc1MTQ3NDc4OH0.890GpxYALJzA219ZjEST75anPSMpQmWNan7ldBV2hK4
]]></system-out>
  </testcase>
  <testcase name="testGenerateToken_emptyRole_returnsNull" classname="com.consentmanager.utils.JwtUtilTest" time="0.002">
    <system-out><![CDATA[2025-07-01 16:46:28.132 [main] WARN  com.consentmanager.utils.JwtUtil - Attempted to generate JWT with null or empty credentialId/role.
]]></system-out>
  </testcase>
  <testcase name="testVerifyToken_nullToken_returnsEmpty" classname="com.consentmanager.utils.JwtUtilTest" time="0.002">
    <system-out><![CDATA[2025-07-01 16:46:28.134 [main] WARN  com.consentmanager.utils.JwtUtil - Attempted to verify a null or empty JWT.
]]></system-out>
  </testcase>
  <testcase name="testVerifyToken_malformedToken_returnsEmpty" classname="com.consentmanager.utils.JwtUtilTest" time="0.002">
    <system-out><![CDATA[2025-07-01 16:46:28.136 [main] WARN  com.consentmanager.utils.JwtUtil - JWT verification failed: The token was expected to have 3 parts, but got > 3.
]]></system-out>
  </testcase>
  <testcase name="testGenerateToken_nullCredentialId_returnsNull" classname="com.consentmanager.utils.JwtUtilTest" time="0.001">
    <system-out><![CDATA[2025-07-01 16:46:28.138 [main] WARN  com.consentmanager.utils.JwtUtil - Attempted to generate JWT with null or empty credentialId/role.
]]></system-out>
  </testcase>
  <testcase name="testGetCredentialId_nullDecodedJWT_returnsNull" classname="com.consentmanager.utils.JwtUtilTest" time="0.001"/>
  <testcase name="testVerifyToken_invalidTokenSignature_returnsEmpty" classname="com.consentmanager.utils.JwtUtilTest" time="0.003">
    <system-out><![CDATA[2025-07-01 16:46:28.142 [main] WARN  com.consentmanager.utils.JwtUtil - JWT verification failed: The Token's Signature resulted invalid when verified using the Algorithm: HmacSHA256
]]></system-out>
  </testcase>
  <testcase name="testGetRole_nullDecodedJWT_returnsNull" classname="com.consentmanager.utils.JwtUtilTest" time="0.001"/>
  <testcase name="testGetCredentialId_fromDecodedJWT" classname="com.consentmanager.utils.JwtUtilTest" time="0.009">
    <system-out><![CDATA[2025-07-01 16:46:28.153 [main] DEBUG com.consentmanager.utils.JwtUtil - JWT generated successfully for credential ID: 77
2025-07-01 16:46:28.154 [main] DEBUG com.consentmanager.utils.JwtUtil - JWT verified successfully for subject: 77
]]></system-out>
  </testcase>
  <testcase name="testGenerateToken_nullRole_returnsNull" classname="com.consentmanager.utils.JwtUtilTest" time="0.001">
    <system-out><![CDATA[2025-07-01 16:46:28.156 [main] WARN  com.consentmanager.utils.JwtUtil - Attempted to generate JWT with null or empty credentialId/role.
]]></system-out>
  </testcase>
  <testcase name="testVerifyToken_validToken_returnsDecodedJWT" classname="com.consentmanager.utils.JwtUtilTest" time="0.003">
    <system-out><![CDATA[2025-07-01 16:46:28.159 [main] DEBUG com.consentmanager.utils.JwtUtil - JWT generated successfully for credential ID: 10
2025-07-01 16:46:28.160 [main] DEBUG com.consentmanager.utils.JwtUtil - JWT verified successfully for subject: 10
]]></system-out>
  </testcase>
  <testcase name="testVerifyToken_expiredToken_returnsEmpty" classname="com.consentmanager.utils.JwtUtilTest" time="0.105">
    <system-out><![CDATA[2025-07-01 16:46:28.266 [main] WARN  com.consentmanager.utils.JwtUtil - JWT verification failed: The Token has expired on 2025-07-01T16:46:18Z.
]]></system-out>
  </testcase>
</testsuite>