<?xml version="1.0" encoding="UTF-8"?>
<testsuite xmlns:xsi="http://www.w3.org/2001/XMLSchema-instance" xsi:noNamespaceSchemaLocation="https://maven.apache.org/surefire/maven-surefire-plugin/xsd/surefire-test-report-3.0.xsd" version="3.0" name="com.consentmanager.services.AuthServiceTest" time="1.809" tests="14" errors="0" skipped="0" failures="0">
  <properties>
[...]
</properties>
  <testcase name="signupProvider_success" classname="com.consentmanager.services.AuthServiceTest" time="1.613">
    <system-out><![CDATA[2025-07-01 16:46:32.529 [main] INFO  c.c.services.AuthService - Attempting to signup provider with username: provUser
2025-07-01 16:46:32.535 [main] INFO  c.c.services.AuthService - Provider provUser signed up successfully and added to backlog with ID: 1
]]></system-out>
    <system-err><![CDATA[WARNING: A Java agent has been loaded dynamically (/home/jules/.m2/repository/net/bytebuddy/byte-buddy-agent/1.14.12/byte-buddy-agent-1.14.12.jar)
WARNING: If a serviceability tool is in use, please run with -XX:+EnableDynamicAgentLoading to hide this warning
WARNING: If a serviceability tool is not in use, please run with -Djdk.instrument.traceUsage for more information
WARNING: Dynamic loading of agents will be disallowed by default in a future release
]]></system-err>
  </testcase>
  <testcase name="login_providerSuccess" classname="com.consentmanager.services.AuthServiceTest" time="0.04">
    <system-out><![CDATA[2025-07-01 16:46:32.585 [main] INFO  c.c.services.AuthService - Attempting login for username: provUser, role: provider
2025-07-01 16:46:32.586 [main] INFO  c.c.services.AuthService - Provider provUser logged in successfully.
]]></system-out>
  </testcase>
  <testcase name="login_adminSuccess" classname="com.consentmanager.services.AuthServiceTest" time="0.014">
    <system-out><![CDATA[2025-07-01 16:46:32.601 [main] INFO  c.c.services.AuthService - Attempting login for username: adminUser, role: admin
2025-07-01 16:46:32.603 [main] INFO  c.c.services.AuthService - Admin adminUser logged in successfully.
]]></system-out>
  </testcase>
  <testcase name="login_providerInBacklogPending_failsWithStatus" classname="com.consentmanager.services.AuthServiceTest" time="0.01">
    <system-out><![CDATA[2025-07-01 16:46:32.615 [main] INFO  c.c.services.AuthService - Attempting login for username: provBacklogUser, role: provider
2025-07-01 16:46:32.616 [main] INFO  c.c.services.AuthService - Provider provBacklogUser found in backlog with status: pending
]]></system-out>
  </testcase>
  <testcase name="login_invalidPassword_fails" classname="com.consentmanager.services.AuthServiceTest" time="0.01">
    <system-out><![CDATA[2025-07-01 16:46:32.627 [main] INFO  c.c.services.AuthService - Attempting login for username: testUser, role: provider
2025-07-01 16:46:32.628 [main] WARN  c.c.services.AuthService - Login failed for username: testUser. Invalid credentials or role.
]]></system-out>
  </testcase>
  <testcase name="signupSeeker_success" classname="com.consentmanager.services.AuthServiceTest" time="0.013">
    <system-out><![CDATA[2025-07-01 16:46:32.641 [main] INFO  c.c.services.AuthService - Attempting to signup seeker with username: seekUser
2025-07-01 16:46:32.642 [main] INFO  c.c.services.AuthService - Seeker seekUser signed up successfully and added to backlog with ID: 1
]]></system-out>
  </testcase>
  <testcase name="signupAdmin_credentialSaveFails_fails" classname="com.consentmanager.services.AuthServiceTest" time="0.009">
    <system-out><![CDATA[2025-07-01 16:46:32.652 [main] INFO  c.c.services.AuthService - Attempting to signup admin with username: adminUser
2025-07-01 16:46:32.653 [main] ERROR c.c.services.AuthService - Failed to save credential for admin username: adminUser
]]></system-out>
  </testcase>
  <testcase name="signupProvider_usernameExists_fails" classname="com.consentmanager.services.AuthServiceTest" time="0.007">
    <system-out><![CDATA[2025-07-01 16:46:32.660 [main] INFO  c.c.services.AuthService - Attempting to signup provider with username: provUser
2025-07-01 16:46:32.661 [main] WARN  c.c.services.AuthService - Username provUser already exists.
]]></system-out>
  </testcase>
  <testcase name="login_userNotFound_fails" classname="com.consentmanager.services.AuthServiceTest" time="0.008">
    <system-out><![CDATA[2025-07-01 16:46:32.670 [main] INFO  c.c.services.AuthService - Attempting login for username: unknownUser, role: provider
2025-07-01 16:46:32.671 [main] WARN  c.c.services.AuthService - Login failed for username: unknownUser. Invalid credentials or role.
]]></system-out>
  </testcase>
  <testcase name="signupAdmin_adminProfileSaveFails_fails" classname="com.consentmanager.services.AuthServiceTest" time="0.01">
    <system-out><![CDATA[2025-07-01 16:46:32.682 [main] INFO  c.c.services.AuthService - Attempting to signup admin with username: adminUser
2025-07-01 16:46:32.683 [main] ERROR c.c.services.AuthService - Failed to save admin profile for adminUser after creating credential. Manual cleanup might be needed for credential ID: 1
]]></system-out>
  </testcase>
  <testcase name="signupProvider_emailExists_fails" classname="com.consentmanager.services.AuthServiceTest" time="0.007">
    <system-out><![CDATA[2025-07-01 16:46:32.691 [main] INFO  c.c.services.AuthService - Attempting to signup provider with username: provUser
2025-07-01 16:46:32.692 [main] WARN  c.c.services.AuthService - Email prov@example.com already exists for a provider.
]]></system-out>
  </testcase>
  <testcase name="signupAdmin_success" classname="com.consentmanager.services.AuthServiceTest" time="0.008">
    <system-out><![CDATA[2025-07-01 16:46:32.700 [main] INFO  c.c.services.AuthService - Attempting to signup admin with username: adminUser
2025-07-01 16:46:32.702 [main] INFO  c.c.services.AuthService - Admin adminUser signed up successfully with Credential ID: 1 and Admin ID: 1
]]></system-out>
  </testcase>
  <testcase name="login_providerInBacklogRejected_failsWithStatus" classname="com.consentmanager.services.AuthServiceTest" time="0.006">
    <system-out><![CDATA[2025-07-01 16:46:32.709 [main] INFO  c.c.services.AuthService - Attempting login for username: provRejectedUser, role: provider
2025-07-01 16:46:32.709 [main] INFO  c.c.services.AuthService - Provider provRejectedUser found in backlog with status: rejected
]]></system-out>
  </testcase>
  <testcase name="login_providerInactive_fails" classname="com.consentmanager.services.AuthServiceTest" time="0.006">
    <system-out><![CDATA[2025-07-01 16:46:32.716 [main] INFO  c.c.services.AuthService - Attempting login for username: provUserInactive, role: provider
2025-07-01 16:46:32.717 [main] WARN  c.c.services.AuthService - Provider account provUserInactive is inactive.
]]></system-out>
  </testcase>
</testsuite>