<?xml version="1.0" encoding="UTF-8"?>
<testsuite xmlns:xsi="http://www.w3.org/2001/XMLSchema-instance" xsi:noNamespaceSchemaLocation="https://maven.apache.org/surefire/maven-surefire-plugin/xsd/surefire-test-report-3.0.xsd" version="3.0" name="com.consentmanager.daos.ProviderDAOTest" time="0.07" tests="7" errors="0" skipped="0" failures="0">
  <properties>
[...]
</properties>
  <testcase name="testFindByEmail_existing_returnsProvider" classname="com.consentmanager.daos.ProviderDAOTest" time="0.018">
    <system-out><![CDATA[2025-07-01 16:46:33.261 [main] DEBUG c.consentmanager.utils.DatabaseUtil - Created new in-memory test connection: jdbc:sqlite::memory:
2025-07-01 16:46:33.261 [main] INFO  c.consentmanager.utils.DatabaseUtil - Executing schema script: /schema.sql for DB: jdbc:sqlite::memory:
2025-07-01 16:46:33.264 [main] INFO  c.consentmanager.utils.DatabaseUtil - Database schema executed successfully for jdbc:sqlite::memory:. 20 statements processed.
2025-07-01 16:46:33.264 [main] DEBUG c.c.daos.ProviderDAOTest - Setup complete for ProviderDAOTest with connection: org.sqlite.jdbc4.JDBC4Connection@1756f7cc
2025-07-01 16:46:33.265 [main] DEBUG c.consentmanager.daos.CredentialDAO - Attempting to save credential for username: providerUserFindByEmail
2025-07-01 16:46:33.266 [main] INFO  c.consentmanager.daos.CredentialDAO - Credential saved successfully for username: providerUserFindByEmail with ID: 1
2025-07-01 16:46:33.276 [main] DEBUG com.consentmanager.daos.ProviderDAO - Attempting to save provider with credential ID: 1
2025-07-01 16:46:33.276 [main] INFO  com.consentmanager.daos.ProviderDAO - Provider saved successfully with ID: 1 for credential ID: 1
2025-07-01 16:46:33.277 [main] DEBUG com.consentmanager.daos.ProviderDAO - Attempting to find provider by email: providerFindByEmail@example.com
2025-07-01 16:46:33.278 [main] DEBUG c.c.daos.ProviderDAOTest - Closing test connection for ProviderDAOTest: org.sqlite.jdbc4.JDBC4Connection@1756f7cc
]]></system-out>
  </testcase>
  <testcase name="testFindAllByStatus_findsActiveAndInactive" classname="com.consentmanager.daos.ProviderDAOTest" time="0.012">
    <system-out><![CDATA[2025-07-01 16:46:33.280 [main] DEBUG c.consentmanager.utils.DatabaseUtil - Created new in-memory test connection: jdbc:sqlite::memory:
2025-07-01 16:46:33.280 [main] INFO  c.consentmanager.utils.DatabaseUtil - Executing schema script: /schema.sql for DB: jdbc:sqlite::memory:
2025-07-01 16:46:33.285 [main] INFO  c.consentmanager.utils.DatabaseUtil - Database schema executed successfully for jdbc:sqlite::memory:. 20 statements processed.
2025-07-01 16:46:33.286 [main] DEBUG c.c.daos.ProviderDAOTest - Setup complete for ProviderDAOTest with connection: org.sqlite.jdbc4.JDBC4Connection@5eea5627
2025-07-01 16:46:33.286 [main] DEBUG c.consentmanager.daos.CredentialDAO - Attempting to save credential for username: providerUserActive1
2025-07-01 16:46:33.287 [main] INFO  c.consentmanager.daos.CredentialDAO - Credential saved successfully for username: providerUserActive1 with ID: 1
2025-07-01 16:46:33.287 [main] DEBUG com.consentmanager.daos.ProviderDAO - Attempting to save provider with credential ID: 1
2025-07-01 16:46:33.287 [main] INFO  com.consentmanager.daos.ProviderDAO - Provider saved successfully with ID: 1 for credential ID: 1
2025-07-01 16:46:33.287 [main] DEBUG c.consentmanager.daos.CredentialDAO - Attempting to save credential for username: providerUserActive2
2025-07-01 16:46:33.287 [main] INFO  c.consentmanager.daos.CredentialDAO - Credential saved successfully for username: providerUserActive2 with ID: 2
2025-07-01 16:46:33.287 [main] DEBUG com.consentmanager.daos.ProviderDAO - Attempting to save provider with credential ID: 2
2025-07-01 16:46:33.288 [main] INFO  com.consentmanager.daos.ProviderDAO - Provider saved successfully with ID: 2 for credential ID: 2
2025-07-01 16:46:33.288 [main] DEBUG c.consentmanager.daos.CredentialDAO - Attempting to save credential for username: providerUserInactive1
2025-07-01 16:46:33.288 [main] INFO  c.consentmanager.daos.CredentialDAO - Credential saved successfully for username: providerUserInactive1 with ID: 3
2025-07-01 16:46:33.288 [main] DEBUG com.consentmanager.daos.ProviderDAO - Attempting to save provider with credential ID: 3
2025-07-01 16:46:33.289 [main] INFO  com.consentmanager.daos.ProviderDAO - Provider saved successfully with ID: 3 for credential ID: 3
2025-07-01 16:46:33.289 [main] DEBUG com.consentmanager.daos.ProviderDAO - Attempting to find all providers with isActive = true
2025-07-01 16:46:33.289 [main] INFO  com.consentmanager.daos.ProviderDAO - Found 2 providers with isActive = true
2025-07-01 16:46:33.290 [main] DEBUG com.consentmanager.daos.ProviderDAO - Attempting to find all providers with isActive = false
2025-07-01 16:46:33.290 [main] INFO  com.consentmanager.daos.ProviderDAO - Found 1 providers with isActive = false
2025-07-01 16:46:33.291 [main] DEBUG c.c.daos.ProviderDAOTest - Closing test connection for ProviderDAOTest: org.sqlite.jdbc4.JDBC4Connection@5eea5627
]]></system-out>
  </testcase>
  <testcase name="testUpdateActiveStatus_validId_updatesStatus" classname="com.consentmanager.daos.ProviderDAOTest" time="0.009">
    <system-out><![CDATA[2025-07-01 16:46:33.293 [main] DEBUG c.consentmanager.utils.DatabaseUtil - Created new in-memory test connection: jdbc:sqlite::memory:
2025-07-01 16:46:33.293 [main] INFO  c.consentmanager.utils.DatabaseUtil - Executing schema script: /schema.sql for DB: jdbc:sqlite::memory:
2025-07-01 16:46:33.297 [main] INFO  c.consentmanager.utils.DatabaseUtil - Database schema executed successfully for jdbc:sqlite::memory:. 20 statements processed.
2025-07-01 16:46:33.297 [main] DEBUG c.c.daos.ProviderDAOTest - Setup complete for ProviderDAOTest with connection: org.sqlite.jdbc4.JDBC4Connection@5cbd94b2
2025-07-01 16:46:33.298 [main] DEBUG c.consentmanager.daos.CredentialDAO - Attempting to save credential for username: providerUser3
2025-07-01 16:46:33.298 [main] INFO  c.consentmanager.daos.CredentialDAO - Credential saved successfully for username: providerUser3 with ID: 1
2025-07-01 16:46:33.298 [main] DEBUG com.consentmanager.daos.ProviderDAO - Attempting to save provider with credential ID: 1
2025-07-01 16:46:33.299 [main] INFO  com.consentmanager.daos.ProviderDAO - Provider saved successfully with ID: 1 for credential ID: 1
2025-07-01 16:46:33.299 [main] DEBUG com.consentmanager.daos.ProviderDAO - Attempting to update active status for provider ID: 1 to false
2025-07-01 16:46:33.299 [main] INFO  com.consentmanager.daos.ProviderDAO - Successfully updated active status for provider ID: 1
2025-07-01 16:46:33.299 [main] DEBUG com.consentmanager.daos.ProviderDAO - Attempting to find provider by provider ID: 1
2025-07-01 16:46:33.300 [main] DEBUG com.consentmanager.daos.ProviderDAO - Provider found by provider ID: 1
2025-07-01 16:46:33.300 [main] DEBUG com.consentmanager.daos.ProviderDAO - Attempting to update active status for provider ID: 1 to true
2025-07-01 16:46:33.300 [main] INFO  com.consentmanager.daos.ProviderDAO - Successfully updated active status for provider ID: 1
2025-07-01 16:46:33.300 [main] DEBUG com.consentmanager.daos.ProviderDAO - Attempting to find provider by provider ID: 1
2025-07-01 16:46:33.300 [main] DEBUG com.consentmanager.daos.ProviderDAO - Provider found by provider ID: 1
2025-07-01 16:46:33.300 [main] DEBUG c.c.daos.ProviderDAOTest - Closing test connection for ProviderDAOTest: org.sqlite.jdbc4.JDBC4Connection@5cbd94b2
]]></system-out>
  </testcase>
  <testcase name="testFindById_nonExisting_returnsEmpty" classname="com.consentmanager.daos.ProviderDAOTest" time="0.005">
    <system-out><![CDATA[2025-07-01 16:46:33.303 [main] DEBUG c.consentmanager.utils.DatabaseUtil - Created new in-memory test connection: jdbc:sqlite::memory:
2025-07-01 16:46:33.303 [main] INFO  c.consentmanager.utils.DatabaseUtil - Executing schema script: /schema.sql for DB: jdbc:sqlite::memory:
2025-07-01 16:46:33.305 [main] INFO  c.consentmanager.utils.DatabaseUtil - Database schema executed successfully for jdbc:sqlite::memory:. 20 statements processed.
2025-07-01 16:46:33.306 [main] DEBUG c.c.daos.ProviderDAOTest - Setup complete for ProviderDAOTest with connection: org.sqlite.jdbc4.JDBC4Connection@705a8dbc
2025-07-01 16:46:33.306 [main] DEBUG com.consentmanager.daos.ProviderDAO - Attempting to find provider by provider ID: 99999
2025-07-01 16:46:33.306 [main] DEBUG com.consentmanager.daos.ProviderDAO - No provider found for provider ID: 99999
2025-07-01 16:46:33.307 [main] DEBUG c.c.daos.ProviderDAOTest - Closing test connection for ProviderDAOTest: org.sqlite.jdbc4.JDBC4Connection@705a8dbc
]]></system-out>
  </testcase>
  <testcase name="testFindByCredentialId_existing_returnsProvider" classname="com.consentmanager.daos.ProviderDAOTest" time="0.007">
    <system-out><![CDATA[2025-07-01 16:46:33.308 [main] DEBUG c.consentmanager.utils.DatabaseUtil - Created new in-memory test connection: jdbc:sqlite::memory:
2025-07-01 16:46:33.309 [main] INFO  c.consentmanager.utils.DatabaseUtil - Executing schema script: /schema.sql for DB: jdbc:sqlite::memory:
2025-07-01 16:46:33.312 [main] INFO  c.consentmanager.utils.DatabaseUtil - Database schema executed successfully for jdbc:sqlite::memory:. 20 statements processed.
2025-07-01 16:46:33.313 [main] DEBUG c.c.daos.ProviderDAOTest - Setup complete for ProviderDAOTest with connection: org.sqlite.jdbc4.JDBC4Connection@d535a3d
2025-07-01 16:46:33.313 [main] DEBUG c.consentmanager.daos.CredentialDAO - Attempting to save credential for username: providerUser2
2025-07-01 16:46:33.313 [main] INFO  c.consentmanager.daos.CredentialDAO - Credential saved successfully for username: providerUser2 with ID: 1
2025-07-01 16:46:33.314 [main] DEBUG com.consentmanager.daos.ProviderDAO - Attempting to save provider with credential ID: 1
2025-07-01 16:46:33.314 [main] INFO  com.consentmanager.daos.ProviderDAO - Provider saved successfully with ID: 1 for credential ID: 1
2025-07-01 16:46:33.314 [main] DEBUG com.consentmanager.daos.ProviderDAO - Attempting to find provider by credential ID: 1
2025-07-01 16:46:33.314 [main] DEBUG com.consentmanager.daos.ProviderDAO - Provider found by credential ID: 1
2025-07-01 16:46:33.315 [main] DEBUG c.c.daos.ProviderDAOTest - Closing test connection for ProviderDAOTest: org.sqlite.jdbc4.JDBC4Connection@d535a3d
]]></system-out>
  </testcase>
  <testcase name="testUpdateActiveStatus_invalidId_returnsFalse" classname="com.consentmanager.daos.ProviderDAOTest" time="0.005">
    <system-out><![CDATA[2025-07-01 16:46:33.317 [main] DEBUG c.consentmanager.utils.DatabaseUtil - Created new in-memory test connection: jdbc:sqlite::memory:
2025-07-01 16:46:33.317 [main] INFO  c.consentmanager.utils.DatabaseUtil - Executing schema script: /schema.sql for DB: jdbc:sqlite::memory:
2025-07-01 16:46:33.320 [main] INFO  c.consentmanager.utils.DatabaseUtil - Database schema executed successfully for jdbc:sqlite::memory:. 20 statements processed.
2025-07-01 16:46:33.320 [main] DEBUG c.c.daos.ProviderDAOTest - Setup complete for ProviderDAOTest with connection: org.sqlite.jdbc4.JDBC4Connection@5dbb50f3
2025-07-01 16:46:33.321 [main] DEBUG com.consentmanager.daos.ProviderDAO - Attempting to update active status for provider ID: 888777 to false
2025-07-01 16:46:33.321 [main] WARN  com.consentmanager.daos.ProviderDAO - Failed to update active status, provider not found or status unchanged for ID: 888777
2025-07-01 16:46:33.321 [main] DEBUG c.c.daos.ProviderDAOTest - Closing test connection for ProviderDAOTest: org.sqlite.jdbc4.JDBC4Connection@5dbb50f3
]]></system-out>
  </testcase>
  <testcase name="testSaveProvider_success" classname="com.consentmanager.daos.ProviderDAOTest" time="0.007">
    <system-out><![CDATA[2025-07-01 16:46:33.323 [main] DEBUG c.consentmanager.utils.DatabaseUtil - Created new in-memory test connection: jdbc:sqlite::memory:
2025-07-01 16:46:33.323 [main] INFO  c.consentmanager.utils.DatabaseUtil - Executing schema script: /schema.sql for DB: jdbc:sqlite::memory:
2025-07-01 16:46:33.326 [main] INFO  c.consentmanager.utils.DatabaseUtil - Database schema executed successfully for jdbc:sqlite::memory:. 20 statements processed.
2025-07-01 16:46:33.327 [main] DEBUG c.c.daos.ProviderDAOTest - Setup complete for ProviderDAOTest with connection: org.sqlite.jdbc4.JDBC4Connection@575c3e9b
2025-07-01 16:46:33.327 [main] DEBUG c.consentmanager.daos.CredentialDAO - Attempting to save credential for username: providerUser1
2025-07-01 16:46:33.327 [main] INFO  c.consentmanager.daos.CredentialDAO - Credential saved successfully for username: providerUser1 with ID: 1
2025-07-01 16:46:33.328 [main] DEBUG com.consentmanager.daos.ProviderDAO - Attempting to save provider with credential ID: 1
2025-07-01 16:46:33.328 [main] INFO  com.consentmanager.daos.ProviderDAO - Provider saved successfully with ID: 1 for credential ID: 1
2025-07-01 16:46:33.328 [main] DEBUG com.consentmanager.daos.ProviderDAO - Attempting to find provider by provider ID: 1
2025-07-01 16:46:33.328 [main] DEBUG com.consentmanager.daos.ProviderDAO - Provider found by provider ID: 1
2025-07-01 16:46:33.329 [main] DEBUG c.c.daos.ProviderDAOTest - Closing test connection for ProviderDAOTest: org.sqlite.jdbc4.JDBC4Connection@575c3e9b
]]></system-out>
  </testcase>
</testsuite>