<?xml version="1.0" encoding="UTF-8"?>
<testsuite xmlns:xsi="http://www.w3.org/2001/XMLSchema-instance" xsi:noNamespaceSchemaLocation="https://maven.apache.org/surefire/maven-surefire-plugin/xsd/surefire-test-report-3.0.xsd" version="3.0" name="com.consentmanager.daos.SeekerDAOTest" time="0.047" tests="7" errors="0" skipped="0" failures="0">
  <properties>
[...]
</properties>
  <testcase name="testFindAllByStatus_findsActiveAndInactive" classname="com.consentmanager.daos.SeekerDAOTest" time="0.012">
    <system-out><![CDATA[2025-07-01 16:46:33.392 [main] DEBUG c.consentmanager.utils.DatabaseUtil - Created new in-memory test connection: jdbc:sqlite::memory:
2025-07-01 16:46:33.392 [main] INFO  c.consentmanager.utils.DatabaseUtil - Executing schema script: /schema.sql for DB: jdbc:sqlite::memory:
2025-07-01 16:46:33.395 [main] INFO  c.consentmanager.utils.DatabaseUtil - Database schema executed successfully for jdbc:sqlite::memory:. 20 statements processed.
2025-07-01 16:46:33.395 [main] DEBUG c.consentmanager.daos.SeekerDAOTest - Setup complete for SeekerDAOTest with connection: org.sqlite.jdbc4.JDBC4Connection@45b15381
2025-07-01 16:46:33.396 [main] DEBUG c.consentmanager.daos.CredentialDAO - Attempting to save credential for username: seekerUserActive1
2025-07-01 16:46:33.396 [main] INFO  c.consentmanager.daos.CredentialDAO - Credential saved successfully for username: seekerUserActive1 with ID: 1
2025-07-01 16:46:33.396 [main] DEBUG com.consentmanager.daos.SeekerDAO - Attempting to save seeker with credential ID: 1
2025-07-01 16:46:33.396 [main] INFO  com.consentmanager.daos.SeekerDAO - Seeker saved successfully with ID: 1 for credential ID: 1
2025-07-01 16:46:33.397 [main] DEBUG c.consentmanager.daos.CredentialDAO - Attempting to save credential for username: seekerUserInactive1
2025-07-01 16:46:33.401 [main] INFO  c.consentmanager.daos.CredentialDAO - Credential saved successfully for username: seekerUserInactive1 with ID: 2
2025-07-01 16:46:33.401 [main] DEBUG com.consentmanager.daos.SeekerDAO - Attempting to save seeker with credential ID: 2
2025-07-01 16:46:33.401 [main] INFO  com.consentmanager.daos.SeekerDAO - Seeker saved successfully with ID: 2 for credential ID: 2
2025-07-01 16:46:33.401 [main] DEBUG c.consentmanager.daos.CredentialDAO - Attempting to save credential for username: seekerUserActive2
2025-07-01 16:46:33.401 [main] INFO  c.consentmanager.daos.CredentialDAO - Credential saved successfully for username: seekerUserActive2 with ID: 3
2025-07-01 16:46:33.401 [main] DEBUG com.consentmanager.daos.SeekerDAO - Attempting to save seeker with credential ID: 3
2025-07-01 16:46:33.401 [main] INFO  com.consentmanager.daos.SeekerDAO - Seeker saved successfully with ID: 3 for credential ID: 3
2025-07-01 16:46:33.401 [main] DEBUG com.consentmanager.daos.SeekerDAO - Attempting to find all seekers with isActive = true
2025-07-01 16:46:33.402 [main] INFO  com.consentmanager.daos.SeekerDAO - Found 2 seekers with isActive = true
2025-07-01 16:46:33.402 [main] DEBUG com.consentmanager.daos.SeekerDAO - Attempting to find all seekers with isActive = false
2025-07-01 16:46:33.402 [main] INFO  com.consentmanager.daos.SeekerDAO - Found 1 seekers with isActive = false
2025-07-01 16:46:33.402 [main] DEBUG c.consentmanager.daos.SeekerDAOTest - Closing test connection for SeekerDAOTest: org.sqlite.jdbc4.JDBC4Connection@45b15381
]]></system-out>
  </testcase>
  <testcase name="testFindByCredentialId_existing_returnsSeeker" classname="com.consentmanager.daos.SeekerDAOTest" time="0.005">
    <system-out><![CDATA[2025-07-01 16:46:33.406 [main] DEBUG c.consentmanager.utils.DatabaseUtil - Created new in-memory test connection: jdbc:sqlite::memory:
2025-07-01 16:46:33.406 [main] INFO  c.consentmanager.utils.DatabaseUtil - Executing schema script: /schema.sql for DB: jdbc:sqlite::memory:
2025-07-01 16:46:33.408 [main] INFO  c.consentmanager.utils.DatabaseUtil - Database schema executed successfully for jdbc:sqlite::memory:. 20 statements processed.
2025-07-01 16:46:33.409 [main] DEBUG c.consentmanager.daos.SeekerDAOTest - Setup complete for SeekerDAOTest with connection: org.sqlite.jdbc4.JDBC4Connection@38cedb7d
2025-07-01 16:46:33.409 [main] DEBUG c.consentmanager.daos.CredentialDAO - Attempting to save credential for username: seekerUser2
2025-07-01 16:46:33.409 [main] INFO  c.consentmanager.daos.CredentialDAO - Credential saved successfully for username: seekerUser2 with ID: 1
2025-07-01 16:46:33.409 [main] DEBUG com.consentmanager.daos.SeekerDAO - Attempting to save seeker with credential ID: 1
2025-07-01 16:46:33.410 [main] INFO  com.consentmanager.daos.SeekerDAO - Seeker saved successfully with ID: 1 for credential ID: 1
2025-07-01 16:46:33.410 [main] DEBUG com.consentmanager.daos.SeekerDAO - Attempting to find seeker by credential ID: 1
2025-07-01 16:46:33.410 [main] DEBUG com.consentmanager.daos.SeekerDAO - Seeker found by credential ID: 1
2025-07-01 16:46:33.410 [main] DEBUG c.consentmanager.daos.SeekerDAOTest - Closing test connection for SeekerDAOTest: org.sqlite.jdbc4.JDBC4Connection@38cedb7d
]]></system-out>
  </testcase>
  <testcase name="testUpdateActiveStatus_validId_updatesStatus" classname="com.consentmanager.daos.SeekerDAOTest" time="0.006">
    <system-out><![CDATA[2025-07-01 16:46:33.412 [main] DEBUG c.consentmanager.utils.DatabaseUtil - Created new in-memory test connection: jdbc:sqlite::memory:
2025-07-01 16:46:33.412 [main] INFO  c.consentmanager.utils.DatabaseUtil - Executing schema script: /schema.sql for DB: jdbc:sqlite::memory:
2025-07-01 16:46:33.414 [main] INFO  c.consentmanager.utils.DatabaseUtil - Database schema executed successfully for jdbc:sqlite::memory:. 20 statements processed.
2025-07-01 16:46:33.414 [main] DEBUG c.consentmanager.daos.SeekerDAOTest - Setup complete for SeekerDAOTest with connection: org.sqlite.jdbc4.JDBC4Connection@7102ac3e
2025-07-01 16:46:33.415 [main] DEBUG c.consentmanager.daos.CredentialDAO - Attempting to save credential for username: seekerUser3
2025-07-01 16:46:33.415 [main] INFO  c.consentmanager.daos.CredentialDAO - Credential saved successfully for username: seekerUser3 with ID: 1
2025-07-01 16:46:33.415 [main] DEBUG com.consentmanager.daos.SeekerDAO - Attempting to save seeker with credential ID: 1
2025-07-01 16:46:33.416 [main] INFO  com.consentmanager.daos.SeekerDAO - Seeker saved successfully with ID: 1 for credential ID: 1
2025-07-01 16:46:33.416 [main] DEBUG com.consentmanager.daos.SeekerDAO - Attempting to update active status for seeker ID: 1 to false
2025-07-01 16:46:33.416 [main] INFO  com.consentmanager.daos.SeekerDAO - Successfully updated active status for seeker ID: 1
2025-07-01 16:46:33.416 [main] DEBUG com.consentmanager.daos.SeekerDAO - Attempting to find seeker by seeker ID: 1
2025-07-01 16:46:33.416 [main] DEBUG com.consentmanager.daos.SeekerDAO - Seeker found by seeker ID: 1
2025-07-01 16:46:33.416 [main] DEBUG c.consentmanager.daos.SeekerDAOTest - Closing test connection for SeekerDAOTest: org.sqlite.jdbc4.JDBC4Connection@7102ac3e
]]></system-out>
  </testcase>
  <testcase name="testSaveSeeker_success" classname="com.consentmanager.daos.SeekerDAOTest" time="0.006">
    <system-out><![CDATA[2025-07-01 16:46:33.418 [main] DEBUG c.consentmanager.utils.DatabaseUtil - Created new in-memory test connection: jdbc:sqlite::memory:
2025-07-01 16:46:33.418 [main] INFO  c.consentmanager.utils.DatabaseUtil - Executing schema script: /schema.sql for DB: jdbc:sqlite::memory:
2025-07-01 16:46:33.420 [main] INFO  c.consentmanager.utils.DatabaseUtil - Database schema executed successfully for jdbc:sqlite::memory:. 20 statements processed.
2025-07-01 16:46:33.421 [main] DEBUG c.consentmanager.daos.SeekerDAOTest - Setup complete for SeekerDAOTest with connection: org.sqlite.jdbc4.JDBC4Connection@695c938d
2025-07-01 16:46:33.421 [main] DEBUG c.consentmanager.daos.CredentialDAO - Attempting to save credential for username: seekerUser1
2025-07-01 16:46:33.422 [main] INFO  c.consentmanager.daos.CredentialDAO - Credential saved successfully for username: seekerUser1 with ID: 1
2025-07-01 16:46:33.422 [main] DEBUG com.consentmanager.daos.SeekerDAO - Attempting to save seeker with credential ID: 1
2025-07-01 16:46:33.422 [main] INFO  com.consentmanager.daos.SeekerDAO - Seeker saved successfully with ID: 1 for credential ID: 1
2025-07-01 16:46:33.422 [main] DEBUG com.consentmanager.daos.SeekerDAO - Attempting to find seeker by seeker ID: 1
2025-07-01 16:46:33.422 [main] DEBUG com.consentmanager.daos.SeekerDAO - Seeker found by seeker ID: 1
2025-07-01 16:46:33.422 [main] DEBUG c.consentmanager.daos.SeekerDAOTest - Closing test connection for SeekerDAOTest: org.sqlite.jdbc4.JDBC4Connection@695c938d
]]></system-out>
  </testcase>
  <testcase name="testFindById_nonExisting_returnsEmpty" classname="com.consentmanager.daos.SeekerDAOTest" time="0.005">
    <system-out><![CDATA[2025-07-01 16:46:33.424 [main] DEBUG c.consentmanager.utils.DatabaseUtil - Created new in-memory test connection: jdbc:sqlite::memory:
2025-07-01 16:46:33.424 [main] INFO  c.consentmanager.utils.DatabaseUtil - Executing schema script: /schema.sql for DB: jdbc:sqlite::memory:
2025-07-01 16:46:33.426 [main] INFO  c.consentmanager.utils.DatabaseUtil - Database schema executed successfully for jdbc:sqlite::memory:. 20 statements processed.
2025-07-01 16:46:33.427 [main] DEBUG c.consentmanager.daos.SeekerDAOTest - Setup complete for SeekerDAOTest with connection: org.sqlite.jdbc4.JDBC4Connection@465b38e6
2025-07-01 16:46:33.427 [main] DEBUG com.consentmanager.daos.SeekerDAO - Attempting to find seeker by seeker ID: 99999
2025-07-01 16:46:33.427 [main] DEBUG com.consentmanager.daos.SeekerDAO - No seeker found for seeker ID: 99999
2025-07-01 16:46:33.427 [main] DEBUG c.consentmanager.daos.SeekerDAOTest - Closing test connection for SeekerDAOTest: org.sqlite.jdbc4.JDBC4Connection@465b38e6
]]></system-out>
  </testcase>
  <testcase name="testUpdateActiveStatus_invalidId_returnsFalse" classname="com.consentmanager.daos.SeekerDAOTest" time="0.005">
    <system-out><![CDATA[2025-07-01 16:46:33.429 [main] DEBUG c.consentmanager.utils.DatabaseUtil - Created new in-memory test connection: jdbc:sqlite::memory:
2025-07-01 16:46:33.429 [main] INFO  c.consentmanager.utils.DatabaseUtil - Executing schema script: /schema.sql for DB: jdbc:sqlite::memory:
2025-07-01 16:46:33.431 [main] INFO  c.consentmanager.utils.DatabaseUtil - Database schema executed successfully for jdbc:sqlite::memory:. 20 statements processed.
2025-07-01 16:46:33.432 [main] DEBUG c.consentmanager.daos.SeekerDAOTest - Setup complete for SeekerDAOTest with connection: org.sqlite.jdbc4.JDBC4Connection@1b13467c
2025-07-01 16:46:33.432 [main] DEBUG com.consentmanager.daos.SeekerDAO - Attempting to update active status for seeker ID: 123456 to true
2025-07-01 16:46:33.432 [main] WARN  com.consentmanager.daos.SeekerDAO - Failed to update active status, seeker not found or status unchanged for ID: 123456
2025-07-01 16:46:33.432 [main] DEBUG c.consentmanager.daos.SeekerDAOTest - Closing test connection for SeekerDAOTest: org.sqlite.jdbc4.JDBC4Connection@1b13467c
]]></system-out>
  </testcase>
  <testcase name="testFindByEmail_existing_returnsSeeker" classname="com.consentmanager.daos.SeekerDAOTest" time="0.005">
    <system-out><![CDATA[2025-07-01 16:46:33.434 [main] DEBUG c.consentmanager.utils.DatabaseUtil - Created new in-memory test connection: jdbc:sqlite::memory:
2025-07-01 16:46:33.434 [main] INFO  c.consentmanager.utils.DatabaseUtil - Executing schema script: /schema.sql for DB: jdbc:sqlite::memory:
2025-07-01 16:46:33.436 [main] INFO  c.consentmanager.utils.DatabaseUtil - Database schema executed successfully for jdbc:sqlite::memory:. 20 statements processed.
2025-07-01 16:46:33.437 [main] DEBUG c.consentmanager.daos.SeekerDAOTest - Setup complete for SeekerDAOTest with connection: org.sqlite.jdbc4.JDBC4Connection@64dae3b7
2025-07-01 16:46:33.437 [main] DEBUG c.consentmanager.daos.CredentialDAO - Attempting to save credential for username: seekerUserFindByEmail
2025-07-01 16:46:33.437 [main] INFO  c.consentmanager.daos.CredentialDAO - Credential saved successfully for username: seekerUserFindByEmail with ID: 1
2025-07-01 16:46:33.437 [main] DEBUG com.consentmanager.daos.SeekerDAO - Attempting to save seeker with credential ID: 1
2025-07-01 16:46:33.437 [main] INFO  com.consentmanager.daos.SeekerDAO - Seeker saved successfully with ID: 1 for credential ID: 1
2025-07-01 16:46:33.437 [main] DEBUG com.consentmanager.daos.SeekerDAO - Attempting to find seeker by email: seekerFindByEmail@example.com
2025-07-01 16:46:33.438 [main] DEBUG c.consentmanager.daos.SeekerDAOTest - Closing test connection for SeekerDAOTest: org.sqlite.jdbc4.JDBC4Connection@64dae3b7
]]></system-out>
  </testcase>
</testsuite>