<?xml version="1.0" encoding="UTF-8"?>
<testsuite xmlns:xsi="http://www.w3.org/2001/XMLSchema-instance" xsi:noNamespaceSchemaLocation="https://maven.apache.org/surefire/maven-surefire-plugin/xsd/surefire-test-report-3.0.xsd" version="3.0" name="com.consentmanager.daos.AdminDAOTest" time="0.058" tests="9" errors="0" skipped="0" failures="0">
  <properties>
[...]
</properties>
  <testcase name="testFindByCredentialId_existingAdmin_returnsAdmin" classname="com.consentmanager.daos.AdminDAOTest" time="0.007">
    <system-out><![CDATA[2025-07-01 16:46:33.333 [main] DEBUG c.consentmanager.utils.DatabaseUtil - Created new in-memory test connection: jdbc:sqlite::memory:
2025-07-01 16:46:33.333 [main] INFO  c.consentmanager.utils.DatabaseUtil - Executing schema script: /schema.sql for DB: jdbc:sqlite::memory:
2025-07-01 16:46:33.336 [main] INFO  c.consentmanager.utils.DatabaseUtil - Database schema executed successfully for jdbc:sqlite::memory:. 20 statements processed.
2025-07-01 16:46:33.337 [main] DEBUG c.consentmanager.daos.AdminDAOTest - Setup complete for AdminDAOTest with connection: org.sqlite.jdbc4.JDBC4Connection@4a8a0099
2025-07-01 16:46:33.337 [main] DEBUG c.consentmanager.daos.CredentialDAO - Attempting to save credential for username: adminUser5
2025-07-01 16:46:33.337 [main] INFO  c.consentmanager.daos.CredentialDAO - Credential saved successfully for username: adminUser5 with ID: 1
2025-07-01 16:46:33.337 [main] DEBUG com.consentmanager.daos.AdminDAO - Attempting to save admin with credential ID: 1
2025-07-01 16:46:33.338 [main] INFO  com.consentmanager.daos.AdminDAO - Admin saved successfully with ID: 1 for credential ID: 1
2025-07-01 16:46:33.338 [main] DEBUG com.consentmanager.daos.AdminDAO - Attempting to find admin by credential ID: 1
2025-07-01 16:46:33.338 [main] DEBUG com.consentmanager.daos.AdminDAO - Admin found by credential ID: 1
2025-07-01 16:46:33.339 [main] DEBUG c.consentmanager.daos.AdminDAOTest - Closing test connection for AdminDAOTest: org.sqlite.jdbc4.JDBC4Connection@4a8a0099
]]></system-out>
  </testcase>
  <testcase name="testSaveAdmin_success" classname="com.consentmanager.daos.AdminDAOTest" time="0.005">
    <system-out><![CDATA[2025-07-01 16:46:33.340 [main] DEBUG c.consentmanager.utils.DatabaseUtil - Created new in-memory test connection: jdbc:sqlite::memory:
2025-07-01 16:46:33.341 [main] INFO  c.consentmanager.utils.DatabaseUtil - Executing schema script: /schema.sql for DB: jdbc:sqlite::memory:
2025-07-01 16:46:33.343 [main] INFO  c.consentmanager.utils.DatabaseUtil - Database schema executed successfully for jdbc:sqlite::memory:. 20 statements processed.
2025-07-01 16:46:33.343 [main] DEBUG c.consentmanager.daos.AdminDAOTest - Setup complete for AdminDAOTest with connection: org.sqlite.jdbc4.JDBC4Connection@24a2e565
2025-07-01 16:46:33.344 [main] DEBUG c.consentmanager.daos.CredentialDAO - Attempting to save credential for username: adminUser1
2025-07-01 16:46:33.344 [main] INFO  c.consentmanager.daos.CredentialDAO - Credential saved successfully for username: adminUser1 with ID: 1
2025-07-01 16:46:33.344 [main] DEBUG com.consentmanager.daos.AdminDAO - Attempting to save admin with credential ID: 1
2025-07-01 16:46:33.344 [main] INFO  com.consentmanager.daos.AdminDAO - Admin saved successfully with ID: 1 for credential ID: 1
2025-07-01 16:46:33.345 [main] DEBUG com.consentmanager.daos.AdminDAO - Attempting to find admin by admin ID: 1
2025-07-01 16:46:33.345 [main] DEBUG com.consentmanager.daos.AdminDAO - Admin found by admin ID: 1
2025-07-01 16:46:33.345 [main] DEBUG c.consentmanager.daos.AdminDAOTest - Closing test connection for AdminDAOTest: org.sqlite.jdbc4.JDBC4Connection@24a2e565
]]></system-out>
  </testcase>
  <testcase name="testFindByEmail_existingAdmin_returnsAdmin" classname="com.consentmanager.daos.AdminDAOTest" time="0.007">
    <system-out><![CDATA[2025-07-01 16:46:33.347 [main] DEBUG c.consentmanager.utils.DatabaseUtil - Created new in-memory test connection: jdbc:sqlite::memory:
2025-07-01 16:46:33.347 [main] INFO  c.consentmanager.utils.DatabaseUtil - Executing schema script: /schema.sql for DB: jdbc:sqlite::memory:
2025-07-01 16:46:33.350 [main] INFO  c.consentmanager.utils.DatabaseUtil - Database schema executed successfully for jdbc:sqlite::memory:. 20 statements processed.
2025-07-01 16:46:33.350 [main] DEBUG c.consentmanager.daos.AdminDAOTest - Setup complete for AdminDAOTest with connection: org.sqlite.jdbc4.JDBC4Connection@f5cf29b
2025-07-01 16:46:33.350 [main] DEBUG c.consentmanager.daos.CredentialDAO - Attempting to save credential for username: adminUser7
2025-07-01 16:46:33.351 [main] INFO  c.consentmanager.daos.CredentialDAO - Credential saved successfully for username: adminUser7 with ID: 1
2025-07-01 16:46:33.351 [main] DEBUG com.consentmanager.daos.AdminDAO - Attempting to save admin with credential ID: 1
2025-07-01 16:46:33.351 [main] INFO  com.consentmanager.daos.AdminDAO - Admin saved successfully with ID: 1 for credential ID: 1
2025-07-01 16:46:33.352 [main] DEBUG com.consentmanager.daos.AdminDAO - Attempting to find admin by email: find.by.email@example.com
2025-07-01 16:46:33.352 [main] DEBUG c.consentmanager.daos.AdminDAOTest - Closing test connection for AdminDAOTest: org.sqlite.jdbc4.JDBC4Connection@f5cf29b
]]></system-out>
  </testcase>
  <testcase name="testSaveAdmin_duplicateCredentialId_failsGracefully" classname="com.consentmanager.daos.AdminDAOTest" time="0.007">
    <system-out><![CDATA[2025-07-01 16:46:33.355 [main] DEBUG c.consentmanager.utils.DatabaseUtil - Created new in-memory test connection: jdbc:sqlite::memory:
2025-07-01 16:46:33.355 [main] INFO  c.consentmanager.utils.DatabaseUtil - Executing schema script: /schema.sql for DB: jdbc:sqlite::memory:
2025-07-01 16:46:33.357 [main] INFO  c.consentmanager.utils.DatabaseUtil - Database schema executed successfully for jdbc:sqlite::memory:. 20 statements processed.
2025-07-01 16:46:33.358 [main] DEBUG c.consentmanager.daos.AdminDAOTest - Setup complete for AdminDAOTest with connection: org.sqlite.jdbc4.JDBC4Connection@5c7dfc05
2025-07-01 16:46:33.358 [main] DEBUG c.consentmanager.daos.CredentialDAO - Attempting to save credential for username: adminUser4
2025-07-01 16:46:33.358 [main] INFO  c.consentmanager.daos.CredentialDAO - Credential saved successfully for username: adminUser4 with ID: 1
2025-07-01 16:46:33.358 [main] DEBUG com.consentmanager.daos.AdminDAO - Attempting to save admin with credential ID: 1
2025-07-01 16:46:33.358 [main] INFO  com.consentmanager.daos.AdminDAO - Admin saved successfully with ID: 1 for credential ID: 1
2025-07-01 16:46:33.359 [main] DEBUG com.consentmanager.daos.AdminDAO - Attempting to save admin with credential ID: 1
2025-07-01 16:46:33.359 [main] ERROR com.consentmanager.daos.AdminDAO - Error saving admin with credential ID 1
org.sqlite.SQLiteException: [SQLITE_CONSTRAINT_UNIQUE] A UNIQUE constraint failed (UNIQUE constraint failed: Admin.credential_id)
	at org.sqlite.core.DB.newSQLException(DB.java:1179)
	at org.sqlite.core.DB.newSQLException(DB.java:1190)
	at org.sqlite.core.DB.execute(DB.java:985)
	at org.sqlite.core.DB.executeUpdate(DB.java:1054)
	at org.sqlite.jdbc3.JDBC3PreparedStatement.lambda$executeLargeUpdate$2(JDBC3PreparedStatement.java:129)
	at org.sqlite.jdbc3.JDBC3Statement.withConnectionTimeout(JDBC3Statement.java:454)
	at org.sqlite.jdbc3.JDBC3PreparedStatement.executeLargeUpdate(JDBC3PreparedStatement.java:124)
	at org.sqlite.jdbc3.JDBC3PreparedStatement.executeUpdate(JDBC3PreparedStatement.java:105)
	at com.consentmanager.daos.AdminDAO.saveAdmin(AdminDAO.java:66)
	at com.consentmanager.daos.AdminDAOTest.testSaveAdmin_duplicateCredentialId_failsGracefully(AdminDAOTest.java:88)
	at java.base/jdk.internal.reflect.DirectMethodHandleAccessor.invoke(DirectMethodHandleAccessor.java:103)
	at java.base/java.lang.reflect.Method.invoke(Method.java:580)
	at org.junit.platform.commons.util.ReflectionUtils.invokeMethod(ReflectionUtils.java:728)
	at org.junit.jupiter.engine.execution.MethodInvocation.proceed(MethodInvocation.java:60)
	at org.junit.jupiter.engine.execution.InvocationInterceptorChain$ValidatingInvocation.proceed(InvocationInterceptorChain.java:131)
	at org.junit.jupiter.engine.extension.TimeoutExtension.intercept(TimeoutExtension.java:156)
	at org.junit.jupiter.engine.extension.TimeoutExtension.interceptTestableMethod(TimeoutExtension.java:147)
	at org.junit.jupiter.engine.extension.TimeoutExtension.interceptTestMethod(TimeoutExtension.java:86)
	at org.junit.jupiter.engine.execution.InterceptingExecutableInvoker$ReflectiveInterceptorCall.lambda$ofVoidMethod$0(InterceptingExecutableInvoker.java:103)
	at org.junit.jupiter.engine.execution.InterceptingExecutableInvoker.lambda$invoke$0(InterceptingExecutableInvoker.java:93)
	at org.junit.jupiter.engine.execution.InvocationInterceptorChain$InterceptedInvocation.proceed(InvocationInterceptorChain.java:106)
	at org.junit.jupiter.engine.execution.InvocationInterceptorChain.proceed(InvocationInterceptorChain.java:64)
	at org.junit.jupiter.engine.execution.InvocationInterceptorChain.chainAndInvoke(InvocationInterceptorChain.java:45)
	at org.junit.jupiter.engine.execution.InvocationInterceptorChain.invoke(InvocationInterceptorChain.java:37)
	at org.junit.jupiter.engine.execution.InterceptingExecutableInvoker.invoke(InterceptingExecutableInvoker.java:92)
	at org.junit.jupiter.engine.execution.InterceptingExecutableInvoker.invoke(InterceptingExecutableInvoker.java:86)
	at org.junit.jupiter.engine.descriptor.TestMethodTestDescriptor.lambda$invokeTestMethod$7(TestMethodTestDescriptor.java:218)
	at org.junit.platform.engine.support.hierarchical.ThrowableCollector.execute(ThrowableCollector.java:73)
	at org.junit.jupiter.engine.descriptor.TestMethodTestDescriptor.invokeTestMethod(TestMethodTestDescriptor.java:214)
	at org.junit.jupiter.engine.descriptor.TestMethodTestDescriptor.execute(TestMethodTestDescriptor.java:139)
	at org.junit.jupiter.engine.descriptor.TestMethodTestDescriptor.execute(TestMethodTestDescriptor.java:69)
	at org.junit.platform.engine.support.hierarchical.NodeTestTask.lambda$executeRecursively$6(NodeTestTask.java:151)
	at org.junit.platform.engine.support.hierarchical.ThrowableCollector.execute(ThrowableCollector.java:73)
	at org.junit.platform.engine.support.hierarchical.NodeTestTask.lambda$executeRecursively$8(NodeTestTask.java:141)
	at org.junit.platform.engine.support.hierarchical.Node.around(Node.java:137)
	at org.junit.platform.engine.support.hierarchical.NodeTestTask.lambda$executeRecursively$9(NodeTestTask.java:139)
	at org.junit.platform.engine.support.hierarchical.ThrowableCollector.execute(ThrowableCollector.java:73)
	at org.junit.platform.engine.support.hierarchical.NodeTestTask.executeRecursively(NodeTestTask.java:138)
	at org.junit.platform.engine.support.hierarchical.NodeTestTask.execute(NodeTestTask.java:95)
	at java.base/java.util.ArrayList.forEach(ArrayList.java:1596)
	at org.junit.platform.engine.support.hierarchical.SameThreadHierarchicalTestExecutorService.invokeAll(SameThreadHierarchicalTestExecutorService.java:41)
	at org.junit.platform.engine.support.hierarchical.NodeTestTask.lambda$executeRecursively$6(NodeTestTask.java:155)
	at org.junit.platform.engine.support.hierarchical.ThrowableCollector.execute(ThrowableCollector.java:73)
	at org.junit.platform.engine.support.hierarchical.NodeTestTask.lambda$executeRecursively$8(NodeTestTask.java:141)
	at org.junit.platform.engine.support.hierarchical.Node.around(Node.java:137)
	at org.junit.platform.engine.support.hierarchical.NodeTestTask.lambda$executeRecursively$9(NodeTestTask.java:139)
	at org.junit.platform.engine.support.hierarchical.ThrowableCollector.execute(ThrowableCollector.java:73)
	at org.junit.platform.engine.support.hierarchical.NodeTestTask.executeRecursively(NodeTestTask.java:138)
	at org.junit.platform.engine.support.hierarchical.NodeTestTask.execute(NodeTestTask.java:95)
	at java.base/java.util.ArrayList.forEach(ArrayList.java:1596)
	at org.junit.platform.engine.support.hierarchical.SameThreadHierarchicalTestExecutorService.invokeAll(SameThreadHierarchicalTestExecutorService.java:41)
	at org.junit.platform.engine.support.hierarchical.NodeTestTask.lambda$executeRecursively$6(NodeTestTask.java:155)
	at org.junit.platform.engine.support.hierarchical.ThrowableCollector.execute(ThrowableCollector.java:73)
	at org.junit.platform.engine.support.hierarchical.NodeTestTask.lambda$executeRecursively$8(NodeTestTask.java:141)
	at org.junit.platform.engine.support.hierarchical.Node.around(Node.java:137)
	at org.junit.platform.engine.support.hierarchical.NodeTestTask.lambda$executeRecursively$9(NodeTestTask.java:139)
	at org.junit.platform.engine.support.hierarchical.ThrowableCollector.execute(ThrowableCollector.java:73)
	at org.junit.platform.engine.support.hierarchical.NodeTestTask.executeRecursively(NodeTestTask.java:138)
	at org.junit.platform.engine.support.hierarchical.NodeTestTask.execute(NodeTestTask.java:95)
	at org.junit.platform.engine.support.hierarchical.SameThreadHierarchicalTestExecutorService.submit(SameThreadHierarchicalTestExecutorService.java:35)
	at org.junit.platform.engine.support.hierarchical.HierarchicalTestExecutor.execute(HierarchicalTestExecutor.java:57)
	at org.junit.platform.engine.support.hierarchical.HierarchicalTestEngine.execute(HierarchicalTestEngine.java:54)
	at org.junit.platform.launcher.core.EngineExecutionOrchestrator.execute(EngineExecutionOrchestrator.java:198)
	at org.junit.platform.launcher.core.EngineExecutionOrchestrator.execute(EngineExecutionOrchestrator.java:169)
	at org.junit.platform.launcher.core.EngineExecutionOrchestrator.execute(EngineExecutionOrchestrator.java:93)
	at org.junit.platform.launcher.core.EngineExecutionOrchestrator.lambda$execute$0(EngineExecutionOrchestrator.java:58)
	at org.junit.platform.launcher.core.EngineExecutionOrchestrator.withInterceptedStreams(EngineExecutionOrchestrator.java:141)
	at org.junit.platform.launcher.core.EngineExecutionOrchestrator.execute(EngineExecutionOrchestrator.java:57)
	at org.junit.platform.launcher.core.DefaultLauncher.execute(DefaultLauncher.java:103)
	at org.junit.platform.launcher.core.DefaultLauncher.execute(DefaultLauncher.java:85)
	at org.junit.platform.launcher.core.DelegatingLauncher.execute(DelegatingLauncher.java:47)
	at org.apache.maven.surefire.junitplatform.LazyLauncher.execute(LazyLauncher.java:56)
	at org.apache.maven.surefire.junitplatform.JUnitPlatformProvider.execute(JUnitPlatformProvider.java:184)
	at org.apache.maven.surefire.junitplatform.JUnitPlatformProvider.invokeAllTests(JUnitPlatformProvider.java:148)
	at org.apache.maven.surefire.junitplatform.JUnitPlatformProvider.invoke(JUnitPlatformProvider.java:122)
	at org.apache.maven.surefire.booter.ForkedBooter.runSuitesInProcess(ForkedBooter.java:385)
	at org.apache.maven.surefire.booter.ForkedBooter.execute(ForkedBooter.java:162)
	at org.apache.maven.surefire.booter.ForkedBooter.run(ForkedBooter.java:507)
	at org.apache.maven.surefire.booter.ForkedBooter.main(ForkedBooter.java:495)
2025-07-01 16:46:33.360 [main] DEBUG c.consentmanager.daos.AdminDAOTest - Closing test connection for AdminDAOTest: org.sqlite.jdbc4.JDBC4Connection@5c7dfc05
]]></system-out>
  </testcase>
  <testcase name="testFindById_nonExisting_returnsEmpty" classname="com.consentmanager.daos.AdminDAOTest" time="0.004">
    <system-out><![CDATA[2025-07-01 16:46:33.362 [main] DEBUG c.consentmanager.utils.DatabaseUtil - Created new in-memory test connection: jdbc:sqlite::memory:
2025-07-01 16:46:33.362 [main] INFO  c.consentmanager.utils.DatabaseUtil - Executing schema script: /schema.sql for DB: jdbc:sqlite::memory:
2025-07-01 16:46:33.364 [main] INFO  c.consentmanager.utils.DatabaseUtil - Database schema executed successfully for jdbc:sqlite::memory:. 20 statements processed.
2025-07-01 16:46:33.364 [main] DEBUG c.consentmanager.daos.AdminDAOTest - Setup complete for AdminDAOTest with connection: org.sqlite.jdbc4.JDBC4Connection@d257579
2025-07-01 16:46:33.364 [main] DEBUG com.consentmanager.daos.AdminDAO - Attempting to find admin by admin ID: 88888
2025-07-01 16:46:33.365 [main] DEBUG com.consentmanager.daos.AdminDAO - No admin found for admin ID: 88888
2025-07-01 16:46:33.365 [main] DEBUG c.consentmanager.daos.AdminDAOTest - Closing test connection for AdminDAOTest: org.sqlite.jdbc4.JDBC4Connection@d257579
]]></system-out>
  </testcase>
  <testcase name="testSaveAdmin_duplicateEmail_failsGracefully" classname="com.consentmanager.daos.AdminDAOTest" time="0.005">
    <system-out><![CDATA[2025-07-01 16:46:33.366 [main] DEBUG c.consentmanager.utils.DatabaseUtil - Created new in-memory test connection: jdbc:sqlite::memory:
2025-07-01 16:46:33.366 [main] INFO  c.consentmanager.utils.DatabaseUtil - Executing schema script: /schema.sql for DB: jdbc:sqlite::memory:
2025-07-01 16:46:33.369 [main] INFO  c.consentmanager.utils.DatabaseUtil - Database schema executed successfully for jdbc:sqlite::memory:. 20 statements processed.
2025-07-01 16:46:33.369 [main] DEBUG c.consentmanager.daos.AdminDAOTest - Setup complete for AdminDAOTest with connection: org.sqlite.jdbc4.JDBC4Connection@939ff41
2025-07-01 16:46:33.369 [main] DEBUG c.consentmanager.daos.CredentialDAO - Attempting to save credential for username: adminUser2
2025-07-01 16:46:33.369 [main] INFO  c.consentmanager.daos.CredentialDAO - Credential saved successfully for username: adminUser2 with ID: 1
2025-07-01 16:46:33.369 [main] DEBUG com.consentmanager.daos.AdminDAO - Attempting to save admin with credential ID: 1
2025-07-01 16:46:33.370 [main] INFO  com.consentmanager.daos.AdminDAO - Admin saved successfully with ID: 1 for credential ID: 1
2025-07-01 16:46:33.370 [main] DEBUG c.consentmanager.daos.CredentialDAO - Attempting to save credential for username: adminUser3
2025-07-01 16:46:33.370 [main] INFO  c.consentmanager.daos.CredentialDAO - Credential saved successfully for username: adminUser3 with ID: 2
2025-07-01 16:46:33.370 [main] DEBUG com.consentmanager.daos.AdminDAO - Attempting to save admin with credential ID: 2
2025-07-01 16:46:33.370 [main] ERROR com.consentmanager.daos.AdminDAO - Error saving admin with credential ID 2
org.sqlite.SQLiteException: [SQLITE_CONSTRAINT_UNIQUE] A UNIQUE constraint failed (UNIQUE constraint failed: Admin.email)
	at org.sqlite.core.DB.newSQLException(DB.java:1179)
	at org.sqlite.core.DB.newSQLException(DB.java:1190)
	at org.sqlite.core.DB.execute(DB.java:985)
	at org.sqlite.core.DB.executeUpdate(DB.java:1054)
	at org.sqlite.jdbc3.JDBC3PreparedStatement.lambda$executeLargeUpdate$2(JDBC3PreparedStatement.java:129)
	at org.sqlite.jdbc3.JDBC3Statement.withConnectionTimeout(JDBC3Statement.java:454)
	at org.sqlite.jdbc3.JDBC3PreparedStatement.executeLargeUpdate(JDBC3PreparedStatement.java:124)
	at org.sqlite.jdbc3.JDBC3PreparedStatement.executeUpdate(JDBC3PreparedStatement.java:105)
	at com.consentmanager.daos.AdminDAO.saveAdmin(AdminDAO.java:66)
	at com.consentmanager.daos.AdminDAOTest.testSaveAdmin_duplicateEmail_failsGracefully(AdminDAOTest.java:75)
	at java.base/jdk.internal.reflect.DirectMethodHandleAccessor.invoke(DirectMethodHandleAccessor.java:103)
	at java.base/java.lang.reflect.Method.invoke(Method.java:580)
	at org.junit.platform.commons.util.ReflectionUtils.invokeMethod(ReflectionUtils.java:728)
	at org.junit.jupiter.engine.execution.MethodInvocation.proceed(MethodInvocation.java:60)
	at org.junit.jupiter.engine.execution.InvocationInterceptorChain$ValidatingInvocation.proceed(InvocationInterceptorChain.java:131)
	at org.junit.jupiter.engine.extension.TimeoutExtension.intercept(TimeoutExtension.java:156)
	at org.junit.jupiter.engine.extension.TimeoutExtension.interceptTestableMethod(TimeoutExtension.java:147)
	at org.junit.jupiter.engine.extension.TimeoutExtension.interceptTestMethod(TimeoutExtension.java:86)
	at org.junit.jupiter.engine.execution.InterceptingExecutableInvoker$ReflectiveInterceptorCall.lambda$ofVoidMethod$0(InterceptingExecutableInvoker.java:103)
	at org.junit.jupiter.engine.execution.InterceptingExecutableInvoker.lambda$invoke$0(InterceptingExecutableInvoker.java:93)
	at org.junit.jupiter.engine.execution.InvocationInterceptorChain$InterceptedInvocation.proceed(InvocationInterceptorChain.java:106)
	at org.junit.jupiter.engine.execution.InvocationInterceptorChain.proceed(InvocationInterceptorChain.java:64)
	at org.junit.jupiter.engine.execution.InvocationInterceptorChain.chainAndInvoke(InvocationInterceptorChain.java:45)
	at org.junit.jupiter.engine.execution.InvocationInterceptorChain.invoke(InvocationInterceptorChain.java:37)
	at org.junit.jupiter.engine.execution.InterceptingExecutableInvoker.invoke(InterceptingExecutableInvoker.java:92)
	at org.junit.jupiter.engine.execution.InterceptingExecutableInvoker.invoke(InterceptingExecutableInvoker.java:86)
	at org.junit.jupiter.engine.descriptor.TestMethodTestDescriptor.lambda$invokeTestMethod$7(TestMethodTestDescriptor.java:218)
	at org.junit.platform.engine.support.hierarchical.ThrowableCollector.execute(ThrowableCollector.java:73)
	at org.junit.jupiter.engine.descriptor.TestMethodTestDescriptor.invokeTestMethod(TestMethodTestDescriptor.java:214)
	at org.junit.jupiter.engine.descriptor.TestMethodTestDescriptor.execute(TestMethodTestDescriptor.java:139)
	at org.junit.jupiter.engine.descriptor.TestMethodTestDescriptor.execute(TestMethodTestDescriptor.java:69)
	at org.junit.platform.engine.support.hierarchical.NodeTestTask.lambda$executeRecursively$6(NodeTestTask.java:151)
	at org.junit.platform.engine.support.hierarchical.ThrowableCollector.execute(ThrowableCollector.java:73)
	at org.junit.platform.engine.support.hierarchical.NodeTestTask.lambda$executeRecursively$8(NodeTestTask.java:141)
	at org.junit.platform.engine.support.hierarchical.Node.around(Node.java:137)
	at org.junit.platform.engine.support.hierarchical.NodeTestTask.lambda$executeRecursively$9(NodeTestTask.java:139)
	at org.junit.platform.engine.support.hierarchical.ThrowableCollector.execute(ThrowableCollector.java:73)
	at org.junit.platform.engine.support.hierarchical.NodeTestTask.executeRecursively(NodeTestTask.java:138)
	at org.junit.platform.engine.support.hierarchical.NodeTestTask.execute(NodeTestTask.java:95)
	at java.base/java.util.ArrayList.forEach(ArrayList.java:1596)
	at org.junit.platform.engine.support.hierarchical.SameThreadHierarchicalTestExecutorService.invokeAll(SameThreadHierarchicalTestExecutorService.java:41)
	at org.junit.platform.engine.support.hierarchical.NodeTestTask.lambda$executeRecursively$6(NodeTestTask.java:155)
	at org.junit.platform.engine.support.hierarchical.ThrowableCollector.execute(ThrowableCollector.java:73)
	at org.junit.platform.engine.support.hierarchical.NodeTestTask.lambda$executeRecursively$8(NodeTestTask.java:141)
	at org.junit.platform.engine.support.hierarchical.Node.around(Node.java:137)
	at org.junit.platform.engine.support.hierarchical.NodeTestTask.lambda$executeRecursively$9(NodeTestTask.java:139)
	at org.junit.platform.engine.support.hierarchical.ThrowableCollector.execute(ThrowableCollector.java:73)
	at org.junit.platform.engine.support.hierarchical.NodeTestTask.executeRecursively(NodeTestTask.java:138)
	at org.junit.platform.engine.support.hierarchical.NodeTestTask.execute(NodeTestTask.java:95)
	at java.base/java.util.ArrayList.forEach(ArrayList.java:1596)
	at org.junit.platform.engine.support.hierarchical.SameThreadHierarchicalTestExecutorService.invokeAll(SameThreadHierarchicalTestExecutorService.java:41)
	at org.junit.platform.engine.support.hierarchical.NodeTestTask.lambda$executeRecursively$6(NodeTestTask.java:155)
	at org.junit.platform.engine.support.hierarchical.ThrowableCollector.execute(ThrowableCollector.java:73)
	at org.junit.platform.engine.support.hierarchical.NodeTestTask.lambda$executeRecursively$8(NodeTestTask.java:141)
	at org.junit.platform.engine.support.hierarchical.Node.around(Node.java:137)
	at org.junit.platform.engine.support.hierarchical.NodeTestTask.lambda$executeRecursively$9(NodeTestTask.java:139)
	at org.junit.platform.engine.support.hierarchical.ThrowableCollector.execute(ThrowableCollector.java:73)
	at org.junit.platform.engine.support.hierarchical.NodeTestTask.executeRecursively(NodeTestTask.java:138)
	at org.junit.platform.engine.support.hierarchical.NodeTestTask.execute(NodeTestTask.java:95)
	at org.junit.platform.engine.support.hierarchical.SameThreadHierarchicalTestExecutorService.submit(SameThreadHierarchicalTestExecutorService.java:35)
	at org.junit.platform.engine.support.hierarchical.HierarchicalTestExecutor.execute(HierarchicalTestExecutor.java:57)
	at org.junit.platform.engine.support.hierarchical.HierarchicalTestEngine.execute(HierarchicalTestEngine.java:54)
	at org.junit.platform.launcher.core.EngineExecutionOrchestrator.execute(EngineExecutionOrchestrator.java:198)
	at org.junit.platform.launcher.core.EngineExecutionOrchestrator.execute(EngineExecutionOrchestrator.java:169)
	at org.junit.platform.launcher.core.EngineExecutionOrchestrator.execute(EngineExecutionOrchestrator.java:93)
	at org.junit.platform.launcher.core.EngineExecutionOrchestrator.lambda$execute$0(EngineExecutionOrchestrator.java:58)
	at org.junit.platform.launcher.core.EngineExecutionOrchestrator.withInterceptedStreams(EngineExecutionOrchestrator.java:141)
	at org.junit.platform.launcher.core.EngineExecutionOrchestrator.execute(EngineExecutionOrchestrator.java:57)
	at org.junit.platform.launcher.core.DefaultLauncher.execute(DefaultLauncher.java:103)
	at org.junit.platform.launcher.core.DefaultLauncher.execute(DefaultLauncher.java:85)
	at org.junit.platform.launcher.core.DelegatingLauncher.execute(DelegatingLauncher.java:47)
	at org.apache.maven.surefire.junitplatform.LazyLauncher.execute(LazyLauncher.java:56)
	at org.apache.maven.surefire.junitplatform.JUnitPlatformProvider.execute(JUnitPlatformProvider.java:184)
	at org.apache.maven.surefire.junitplatform.JUnitPlatformProvider.invokeAllTests(JUnitPlatformProvider.java:148)
	at org.apache.maven.surefire.junitplatform.JUnitPlatformProvider.invoke(JUnitPlatformProvider.java:122)
	at org.apache.maven.surefire.booter.ForkedBooter.runSuitesInProcess(ForkedBooter.java:385)
	at org.apache.maven.surefire.booter.ForkedBooter.execute(ForkedBooter.java:162)
	at org.apache.maven.surefire.booter.ForkedBooter.run(ForkedBooter.java:507)
	at org.apache.maven.surefire.booter.ForkedBooter.main(ForkedBooter.java:495)
2025-07-01 16:46:33.371 [main] DEBUG c.consentmanager.daos.AdminDAOTest - Closing test connection for AdminDAOTest: org.sqlite.jdbc4.JDBC4Connection@939ff41
]]></system-out>
  </testcase>
  <testcase name="testFindByCredentialId_nonExisting_returnsEmpty" classname="com.consentmanager.daos.AdminDAOTest" time="0.004">
    <system-out><![CDATA[2025-07-01 16:46:33.372 [main] DEBUG c.consentmanager.utils.DatabaseUtil - Created new in-memory test connection: jdbc:sqlite::memory:
2025-07-01 16:46:33.373 [main] INFO  c.consentmanager.utils.DatabaseUtil - Executing schema script: /schema.sql for DB: jdbc:sqlite::memory:
2025-07-01 16:46:33.375 [main] INFO  c.consentmanager.utils.DatabaseUtil - Database schema executed successfully for jdbc:sqlite::memory:. 20 statements processed.
2025-07-01 16:46:33.375 [main] DEBUG c.consentmanager.daos.AdminDAOTest - Setup complete for AdminDAOTest with connection: org.sqlite.jdbc4.JDBC4Connection@3178219a
2025-07-01 16:46:33.376 [main] DEBUG com.consentmanager.daos.AdminDAO - Attempting to find admin by credential ID: 99999
2025-07-01 16:46:33.376 [main] DEBUG com.consentmanager.daos.AdminDAO - No admin found for credential ID: 99999
2025-07-01 16:46:33.376 [main] DEBUG c.consentmanager.daos.AdminDAOTest - Closing test connection for AdminDAOTest: org.sqlite.jdbc4.JDBC4Connection@3178219a
]]></system-out>
  </testcase>
  <testcase name="testFindById_existingAdmin_returnsAdmin" classname="com.consentmanager.daos.AdminDAOTest" time="0.007">
    <system-out><![CDATA[2025-07-01 16:46:33.378 [main] DEBUG c.consentmanager.utils.DatabaseUtil - Created new in-memory test connection: jdbc:sqlite::memory:
2025-07-01 16:46:33.378 [main] INFO  c.consentmanager.utils.DatabaseUtil - Executing schema script: /schema.sql for DB: jdbc:sqlite::memory:
2025-07-01 16:46:33.381 [main] INFO  c.consentmanager.utils.DatabaseUtil - Database schema executed successfully for jdbc:sqlite::memory:. 20 statements processed.
2025-07-01 16:46:33.381 [main] DEBUG c.consentmanager.daos.AdminDAOTest - Setup complete for AdminDAOTest with connection: org.sqlite.jdbc4.JDBC4Connection@56476c16
2025-07-01 16:46:33.381 [main] DEBUG c.consentmanager.daos.CredentialDAO - Attempting to save credential for username: adminUser6
2025-07-01 16:46:33.382 [main] INFO  c.consentmanager.daos.CredentialDAO - Credential saved successfully for username: adminUser6 with ID: 1
2025-07-01 16:46:33.382 [main] DEBUG com.consentmanager.daos.AdminDAO - Attempting to save admin with credential ID: 1
2025-07-01 16:46:33.383 [main] INFO  com.consentmanager.daos.AdminDAO - Admin saved successfully with ID: 1 for credential ID: 1
2025-07-01 16:46:33.383 [main] DEBUG com.consentmanager.daos.AdminDAO - Attempting to find admin by admin ID: 1
2025-07-01 16:46:33.383 [main] DEBUG com.consentmanager.daos.AdminDAO - Admin found by admin ID: 1
2025-07-01 16:46:33.383 [main] DEBUG c.consentmanager.daos.AdminDAOTest - Closing test connection for AdminDAOTest: org.sqlite.jdbc4.JDBC4Connection@56476c16
]]></system-out>
  </testcase>
  <testcase name="testFindByEmail_nonExisting_returnsEmpty" classname="com.consentmanager.daos.AdminDAOTest" time="0.005">
    <system-out><![CDATA[2025-07-01 16:46:33.385 [main] DEBUG c.consentmanager.utils.DatabaseUtil - Created new in-memory test connection: jdbc:sqlite::memory:
2025-07-01 16:46:33.385 [main] INFO  c.consentmanager.utils.DatabaseUtil - Executing schema script: /schema.sql for DB: jdbc:sqlite::memory:
2025-07-01 16:46:33.388 [main] INFO  c.consentmanager.utils.DatabaseUtil - Database schema executed successfully for jdbc:sqlite::memory:. 20 statements processed.
2025-07-01 16:46:33.388 [main] DEBUG c.consentmanager.daos.AdminDAOTest - Setup complete for AdminDAOTest with connection: org.sqlite.jdbc4.JDBC4Connection@3ba348ca
2025-07-01 16:46:33.388 [main] DEBUG com.consentmanager.daos.AdminDAO - Attempting to find admin by email: no.such.email@example.com
2025-07-01 16:46:33.388 [main] DEBUG com.consentmanager.daos.AdminDAO - No admin found for email: no.such.email@example.com
2025-07-01 16:46:33.388 [main] DEBUG c.consentmanager.daos.AdminDAOTest - Closing test connection for AdminDAOTest: org.sqlite.jdbc4.JDBC4Connection@3ba348ca
]]></system-out>
  </testcase>
</testsuite>