<?xml version="1.0" encoding="UTF-8"?>
<testsuite xmlns:xsi="http://www.w3.org/2001/XMLSchema-instance" xsi:noNamespaceSchemaLocation="https://maven.apache.org/surefire/maven-surefire-plugin/xsd/surefire-test-report-3.0.xsd" version="3.0" name="com.consentmanager.utils.PasswordUtilTest" time="2.618" tests="10" errors="0" skipped="0" failures="0">
  <properties>
[...]
</properties>
  <testcase name="testHashPassword_emptyPassword_throwsException" classname="com.consentmanager.utils.PasswordUtilTest" time="0.003">
    <system-out><![CDATA[2025-07-01 16:46:28.278 [main] WARN  c.consentmanager.utils.PasswordUtil - Attempted to hash an empty or null password.
]]></system-out>
  </testcase>
  <testcase name="testHashPassword_nullPassword_throwsException" classname="com.consentmanager.utils.PasswordUtilTest" time="0.001">
    <system-out><![CDATA[2025-07-01 16:46:28.280 [main] WARN  c.consentmanager.utils.PasswordUtil - Attempted to hash an empty or null password.
]]></system-out>
  </testcase>
  <testcase name="testVerifyPassword_emptyHashedPassword_returnsFalse" classname="com.consentmanager.utils.PasswordUtilTest" time="0.001">
    <system-out><![CDATA[2025-07-01 16:46:28.282 [main] WARN  c.consentmanager.utils.PasswordUtil - Attempted to verify with empty or null password/hash.
]]></system-out>
  </testcase>
  <testcase name="testHashPassword_success" classname="com.consentmanager.utils.PasswordUtilTest" time="0.399">
    <system-out><![CDATA[2025-07-01 16:46:28.680 [main] DEBUG c.consentmanager.utils.PasswordUtil - Password hashed successfully.
]]></system-out>
  </testcase>
  <testcase name="testVerifyPassword_nullHashedPassword_returnsFalse" classname="com.consentmanager.utils.PasswordUtilTest" time="0.001">
    <system-out><![CDATA[2025-07-01 16:46:28.684 [main] WARN  c.consentmanager.utils.PasswordUtil - Attempted to verify with empty or null password/hash.
]]></system-out>
  </testcase>
  <testcase name="testVerifyPassword_invalidHashFormat_returnsFalse" classname="com.consentmanager.utils.PasswordUtilTest" time="0.004">
    <system-out><![CDATA[2025-07-01 16:46:28.686 [main] WARN  c.consentmanager.utils.PasswordUtil - Password verification failed due to invalid hash format: not-a-bcrypt-hash-obviously
java.lang.IllegalArgumentException: Invalid salt version
	at org.mindrot.jbcrypt.BCrypt.hashpw(BCrypt.java:659)
	at org.mindrot.jbcrypt.BCrypt.checkpw(BCrypt.java:764)
	at com.consentmanager.utils.PasswordUtil.verifyPassword(PasswordUtil.java:42)
	at com.consentmanager.utils.PasswordUtilTest.testVerifyPassword_invalidHashFormat_returnsFalse(PasswordUtilTest.java:73)
	at java.base/jdk.internal.reflect.DirectMethodHandleAccessor.invoke(DirectMethodHandleAccessor.java:103)
	at java.base/java.lang.reflect.Method.invoke(Method.java:580)
	at org.junit.platform.commons.util.ReflectionUtils.invokeMethod(ReflectionUtils.java:728)
	at org.junit.jupiter.engine.execution.MethodInvocation.proceed(MethodInvocation.java:60)
	at org.junit.jupiter.engine.execution.InvocationInterceptorChain$ValidatingInvocation.proceed(InvocationInterceptorChain.java:131)
	at org.junit.jupiter.engine.extension.TimeoutExtension.intercept(TimeoutExtension.java:156)
	at org.junit.jupiter.engine.extension.TimeoutExtension.interceptTestableMethod(TimeoutExtension.java:147)
	at org.junit.jupiter.engine.extension.TimeoutExtension.interceptTestMethod(TimeoutExtension.java:86)
	at org.junit.jupiter.engine.execution.InterceptingExecutableInvoker$ReflectiveInterceptorCall.lambda$ofVoidMethod$0(InterceptingExecutableInvoker.java:103)
	at org.junit.jupiter.engine.execution.InterceptingExecutableInvoker.lambda$invoke$0(InterceptingExecutableInvoker.java:93)
	at org.junit.jupiter.engine.execution.InvocationInterceptorChain$InterceptedInvocation.proceed(InvocationInterceptorChain.java:106)
	at org.junit.jupiter.engine.execution.InvocationInterceptorChain.proceed(InvocationInterceptorChain.java:64)
	at org.junit.jupiter.engine.execution.InvocationInterceptorChain.chainAndInvoke(InvocationInterceptorChain.java:45)
	at org.junit.jupiter.engine.execution.InvocationInterceptorChain.invoke(InvocationInterceptorChain.java:37)
	at org.junit.jupiter.engine.execution.InterceptingExecutableInvoker.invoke(InterceptingExecutableInvoker.java:92)
	at org.junit.jupiter.engine.execution.InterceptingExecutableInvoker.invoke(InterceptingExecutableInvoker.java:86)
	at org.junit.jupiter.engine.descriptor.TestMethodTestDescriptor.lambda$invokeTestMethod$7(TestMethodTestDescriptor.java:218)
	at org.junit.platform.engine.support.hierarchical.ThrowableCollector.execute(ThrowableCollector.java:73)
	at org.junit.jupiter.engine.descriptor.TestMethodTestDescriptor.invokeTestMethod(TestMethodTestDescriptor.java:214)
	at org.junit.jupiter.engine.descriptor.TestMethodTestDescriptor.execute(TestMethodTestDescriptor.java:139)
	at org.junit.jupiter.engine.descriptor.TestMethodTestDescriptor.execute(TestMethodTestDescriptor.java:69)
	at org.junit.platform.engine.support.hierarchical.NodeTestTask.lambda$executeRecursively$6(NodeTestTask.java:151)
	at org.junit.platform.engine.support.hierarchical.ThrowableCollector.execute(ThrowableCollector.java:73)
	at org.junit.platform.engine.support.hierarchical.NodeTestTask.lambda$executeRecursively$8(NodeTestTask.java:141)
	at org.junit.platform.engine.support.hierarchical.Node.around(Node.java:137)
	at org.junit.platform.engine.support.hierarchical.NodeTestTask.lambda$executeRecursively$9(NodeTestTask.java:139)
	at org.junit.platform.engine.support.hierarchical.ThrowableCollector.execute(ThrowableCollector.java:73)
	at org.junit.platform.engine.support.hierarchical.NodeTestTask.executeRecursively(NodeTestTask.java:138)
	at org.junit.platform.engine.support.hierarchical.NodeTestTask.execute(NodeTestTask.java:95)
	at java.base/java.util.ArrayList.forEach(ArrayList.java:1596)
	at org.junit.platform.engine.support.hierarchical.SameThreadHierarchicalTestExecutorService.invokeAll(SameThreadHierarchicalTestExecutorService.java:41)
	at org.junit.platform.engine.support.hierarchical.NodeTestTask.lambda$executeRecursively$6(NodeTestTask.java:155)
	at org.junit.platform.engine.support.hierarchical.ThrowableCollector.execute(ThrowableCollector.java:73)
	at org.junit.platform.engine.support.hierarchical.NodeTestTask.lambda$executeRecursively$8(NodeTestTask.java:141)
	at org.junit.platform.engine.support.hierarchical.Node.around(Node.java:137)
	at org.junit.platform.engine.support.hierarchical.NodeTestTask.lambda$executeRecursively$9(NodeTestTask.java:139)
	at org.junit.platform.engine.support.hierarchical.ThrowableCollector.execute(ThrowableCollector.java:73)
	at org.junit.platform.engine.support.hierarchical.NodeTestTask.executeRecursively(NodeTestTask.java:138)
	at org.junit.platform.engine.support.hierarchical.NodeTestTask.execute(NodeTestTask.java:95)
	at java.base/java.util.ArrayList.forEach(ArrayList.java:1596)
	at org.junit.platform.engine.support.hierarchical.SameThreadHierarchicalTestExecutorService.invokeAll(SameThreadHierarchicalTestExecutorService.java:41)
	at org.junit.platform.engine.support.hierarchical.NodeTestTask.lambda$executeRecursively$6(NodeTestTask.java:155)
	at org.junit.platform.engine.support.hierarchical.ThrowableCollector.execute(ThrowableCollector.java:73)
	at org.junit.platform.engine.support.hierarchical.NodeTestTask.lambda$executeRecursively$8(NodeTestTask.java:141)
	at org.junit.platform.engine.support.hierarchical.Node.around(Node.java:137)
	at org.junit.platform.engine.support.hierarchical.NodeTestTask.lambda$executeRecursively$9(NodeTestTask.java:139)
	at org.junit.platform.engine.support.hierarchical.ThrowableCollector.execute(ThrowableCollector.java:73)
	at org.junit.platform.engine.support.hierarchical.NodeTestTask.executeRecursively(NodeTestTask.java:138)
	at org.junit.platform.engine.support.hierarchical.NodeTestTask.execute(NodeTestTask.java:95)
	at org.junit.platform.engine.support.hierarchical.SameThreadHierarchicalTestExecutorService.submit(SameThreadHierarchicalTestExecutorService.java:35)
	at org.junit.platform.engine.support.hierarchical.HierarchicalTestExecutor.execute(HierarchicalTestExecutor.java:57)
	at org.junit.platform.engine.support.hierarchical.HierarchicalTestEngine.execute(HierarchicalTestEngine.java:54)
	at org.junit.platform.launcher.core.EngineExecutionOrchestrator.execute(EngineExecutionOrchestrator.java:198)
	at org.junit.platform.launcher.core.EngineExecutionOrchestrator.execute(EngineExecutionOrchestrator.java:169)
	at org.junit.platform.launcher.core.EngineExecutionOrchestrator.execute(EngineExecutionOrchestrator.java:93)
	at org.junit.platform.launcher.core.EngineExecutionOrchestrator.lambda$execute$0(EngineExecutionOrchestrator.java:58)
	at org.junit.platform.launcher.core.EngineExecutionOrchestrator.withInterceptedStreams(EngineExecutionOrchestrator.java:141)
	at org.junit.platform.launcher.core.EngineExecutionOrchestrator.execute(EngineExecutionOrchestrator.java:57)
	at org.junit.platform.launcher.core.DefaultLauncher.execute(DefaultLauncher.java:103)
	at org.junit.platform.launcher.core.DefaultLauncher.execute(DefaultLauncher.java:85)
	at org.junit.platform.launcher.core.DelegatingLauncher.execute(DelegatingLauncher.java:47)
	at org.apache.maven.surefire.junitplatform.LazyLauncher.execute(LazyLauncher.java:56)
	at org.apache.maven.surefire.junitplatform.JUnitPlatformProvider.execute(JUnitPlatformProvider.java:184)
	at org.apache.maven.surefire.junitplatform.JUnitPlatformProvider.invokeAllTests(JUnitPlatformProvider.java:148)
	at org.apache.maven.surefire.junitplatform.JUnitPlatformProvider.invoke(JUnitPlatformProvider.java:122)
	at org.apache.maven.surefire.booter.ForkedBooter.runSuitesInProcess(ForkedBooter.java:385)
	at org.apache.maven.surefire.booter.ForkedBooter.execute(ForkedBooter.java:162)
	at org.apache.maven.surefire.booter.ForkedBooter.run(ForkedBooter.java:507)
	at org.apache.maven.surefire.booter.ForkedBooter.main(ForkedBooter.java:495)
]]></system-out>
  </testcase>
  <testcase name="testVerifyPassword_correctPassword_returnsTrue" classname="com.consentmanager.utils.PasswordUtilTest" time="0.734">
    <system-out><![CDATA[2025-07-01 16:46:29.057 [main] DEBUG c.consentmanager.utils.PasswordUtil - Password hashed successfully.
2025-07-01 16:46:29.423 [main] DEBUG c.consentmanager.utils.PasswordUtil - Password verification result: true
]]></system-out>
  </testcase>
  <testcase name="testVerifyPassword_incorrectPassword_returnsFalse" classname="com.consentmanager.utils.PasswordUtilTest" time="0.734">
    <system-out><![CDATA[2025-07-01 16:46:29.792 [main] DEBUG c.consentmanager.utils.PasswordUtil - Password hashed successfully.
2025-07-01 16:46:30.159 [main] DEBUG c.consentmanager.utils.PasswordUtil - Password verification result: false
]]></system-out>
  </testcase>
  <testcase name="testVerifyPassword_emptyPlainPassword_returnsFalse" classname="com.consentmanager.utils.PasswordUtilTest" time="0.364">
    <system-out><![CDATA[2025-07-01 16:46:30.523 [main] DEBUG c.consentmanager.utils.PasswordUtil - Password hashed successfully.
2025-07-01 16:46:30.524 [main] WARN  c.consentmanager.utils.PasswordUtil - Attempted to verify with empty or null password/hash.
]]></system-out>
  </testcase>
  <testcase name="testVerifyPassword_nullPlainPassword_returnsFalse" classname="com.consentmanager.utils.PasswordUtilTest" time="0.367">
    <system-out><![CDATA[2025-07-01 16:46:30.891 [main] DEBUG c.consentmanager.utils.PasswordUtil - Password hashed successfully.
2025-07-01 16:46:30.892 [main] WARN  c.consentmanager.utils.PasswordUtil - Attempted to verify with empty or null password/hash.
]]></system-out>
  </testcase>
</testsuite>