TN:
SF:controllers\adminController.js
FN:10,(anonymous_0)
FN:30,(anonymous_1)
FN:50,(anonymous_2)
FN:103,(anonymous_3)
FN:155,(anonymous_4)
FN:190,(anonymous_5)
FN:219,(anonymous_6)
FN:231,(anonymous_7)
FN:240,(anonymous_8)
FN:260,(anonymous_9)
FN:297,(anonymous_10)
FN:317,(anonymous_11)
FNF:12
FNH:12
FNDA:3,(anonymous_0)
FNDA:3,(anonymous_1)
FNDA:5,(anonymous_2)
FNDA:5,(anonymous_3)
FNDA:4,(anonymous_4)
FNDA:4,(anonymous_5)
FNDA:3,(anonymous_6)
FNDA:1,(anonymous_7)
FNDA:1,(anonymous_8)
FNDA:5,(anonymous_9)
FNDA:3,(anonymous_10)
FNDA:3,(anonymous_11)
DA:1,2
DA:2,2
DA:3,2
DA:4,2
DA:5,2
DA:6,2
DA:7,2
DA:10,2
DA:11,3
DA:12,3
DA:13,1
DA:14,1
DA:17,2
DA:18,2
DA:21,1
DA:22,1
DA:24,1
DA:25,1
DA:30,2
DA:31,3
DA:32,3
DA:33,1
DA:34,1
DA:37,2
DA:38,2
DA:41,1
DA:42,1
DA:44,1
DA:45,1
DA:50,2
DA:51,5
DA:52,5
DA:53,5
DA:54,1
DA:55,1
DA:58,4
DA:59,4
DA:60,4
DA:61,3
DA:62,1
DA:63,1
DA:66,2
DA:68,1
DA:73,1
DA:75,1
DA:87,1
DA:88,1
DA:89,1
DA:90,1
DA:91,1
DA:93,2
DA:94,2
DA:95,2
DA:97,1
DA:98,1
DA:103,2
DA:104,5
DA:105,5
DA:106,5
DA:107,1
DA:108,1
DA:111,4
DA:112,4
DA:113,4
DA:114,3
DA:115,1
DA:116,1
DA:119,2
DA:121,1
DA:126,1
DA:128,1
DA:139,1
DA:140,1
DA:141,1
DA:142,1
DA:143,1
DA:145,2
DA:146,2
DA:147,2
DA:149,1
DA:150,1
DA:155,2
DA:156,4
DA:157,4
DA:158,4
DA:159,1
DA:160,1
DA:163,3
DA:164,3
DA:165,3
DA:166,2
DA:167,1
DA:168,1
DA:171,1
DA:172,1
DA:173,1
DA:175,1
DA:176,1
DA:178,1
DA:179,1
DA:181,1
DA:182,1
DA:184,1
DA:185,1
DA:190,2
DA:191,4
DA:192,4
DA:193,4
DA:194,1
DA:195,1
DA:198,3
DA:199,3
DA:200,3
DA:201,2
DA:202,1
DA:203,1
DA:206,1
DA:207,1
DA:208,1
DA:210,1
DA:211,1
DA:213,1
DA:214,1
DA:219,2
DA:220,3
DA:221,3
DA:222,1
DA:223,1
DA:226,2
DA:227,2
DA:228,1
DA:230,1
DA:231,1
DA:240,1
DA:251,1
DA:252,1
DA:254,1
DA:255,1
DA:260,2
DA:261,5
DA:262,5
DA:263,5
DA:264,1
DA:265,1
DA:268,4
DA:269,4
DA:270,4
DA:271,3
DA:273,3
DA:274,1
DA:275,1
DA:276,1
DA:277,1
DA:278,1
DA:279,1
DA:280,2
DA:281,1
DA:282,1
DA:283,1
DA:284,1
DA:286,1
DA:287,1
DA:289,2
DA:291,1
DA:292,1
DA:297,2
DA:298,3
DA:299,3
DA:300,1
DA:301,1
DA:304,2
DA:305,2
DA:308,1
DA:309,1
DA:311,1
DA:312,1
DA:317,2
DA:318,3
DA:319,3
DA:320,1
DA:321,1
DA:324,2
DA:325,2
DA:328,1
DA:329,1
DA:331,1
DA:332,1
DA:336,2
LF:188
LH:188
BRDA:12,0,0,1
BRDA:12,0,1,2
BRDA:32,1,0,1
BRDA:32,1,1,2
BRDA:53,2,0,1
BRDA:53,2,1,4
BRDA:61,3,0,1
BRDA:61,3,1,2
BRDA:66,4,0,1
BRDA:66,4,1,1
BRDA:89,5,0,1
BRDA:89,5,1,0
BRDA:106,6,0,1
BRDA:106,6,1,4
BRDA:114,7,0,1
BRDA:114,7,1,2
BRDA:119,8,0,1
BRDA:119,8,1,1
BRDA:141,9,0,1
BRDA:141,9,1,0
BRDA:158,10,0,1
BRDA:158,10,1,3
BRDA:166,11,0,1
BRDA:166,11,1,1
BRDA:193,12,0,1
BRDA:193,12,1,3
BRDA:201,13,0,1
BRDA:201,13,1,1
BRDA:221,14,0,1
BRDA:221,14,1,2
BRDA:263,15,0,1
BRDA:263,15,1,4
BRDA:273,16,0,1
BRDA:273,16,1,2
BRDA:280,17,0,1
BRDA:280,17,1,1
BRDA:299,18,0,1
BRDA:299,18,1,2
BRDA:319,19,0,1
BRDA:319,19,1,2
BRF:40
BRH:38
end_of_record
TN:
SF:controllers\authController.js
FN:20,(anonymous_0)
FN:35,(anonymous_1)
FN:39,(anonymous_2)
FN:123,(anonymous_3)
FN:127,(anonymous_4)
FNF:5
FNH:3
FNDA:3,(anonymous_0)
FNDA:10,(anonymous_1)
FNDA:0,(anonymous_2)
FNDA:8,(anonymous_3)
FNDA:0,(anonymous_4)
DA:1,3
DA:2,3
DA:3,3
DA:4,3
DA:5,3
DA:6,3
DA:7,3
DA:8,3
DA:9,3
DA:10,3
DA:11,3
DA:14,3
DA:20,3
DA:21,3
DA:22,3
DA:23,3
DA:24,1
DA:26,2
DA:27,2
DA:28,2
DA:29,0
DA:31,2
DA:35,3
DA:36,10
DA:37,10
DA:38,0
DA:39,0
DA:42,10
DA:45,10
DA:46,10
DA:47,10
DA:48,10
DA:49,56
DA:52,10
DA:53,10
DA:54,10
DA:55,10
DA:56,2
DA:57,2
DA:60,8
DA:61,4
DA:62,4
DA:63,4
DA:64,1
DA:65,1
DA:68,3
DA:69,2
DA:77,2
DA:78,4
DA:79,2
DA:80,2
DA:81,2
DA:82,0
DA:83,0
DA:85,2
DA:92,2
DA:93,2
DA:94,2
DA:99,2
DA:100,2
DA:102,6
DA:103,6
DA:104,4
DA:106,6
DA:107,6
DA:109,1
DA:110,0
DA:111,0
DA:112,0
DA:114,1
DA:115,1
DA:116,1
DA:118,0
DA:123,3
DA:124,8
DA:125,8
DA:126,0
DA:127,0
DA:130,8
DA:133,8
DA:134,8
DA:136,8
DA:137,8
DA:138,8
DA:139,8
DA:141,8
DA:142,2
DA:144,2
DA:145,2
DA:146,0
DA:147,0
DA:150,1
DA:151,0
DA:152,0
DA:153,0
DA:155,0
DA:156,0
DA:157,0
DA:160,0
DA:161,0
DA:163,1
DA:164,1
DA:168,6
DA:169,6
DA:170,1
DA:171,1
DA:175,5
DA:176,3
DA:177,2
DA:178,1
DA:179,1
DA:180,1
DA:184,5
DA:185,0
DA:186,0
DA:189,5
DA:190,1
DA:191,1
DA:194,4
DA:195,4
DA:196,4
DA:198,1
DA:199,1
DA:203,3
LF:124
LH:101
BRDA:23,0,0,1
BRDA:23,0,1,2
BRDA:28,1,0,0
BRDA:28,1,1,2
BRDA:28,2,0,2
BRDA:28,2,1,2
BRDA:28,2,2,0
BRDA:37,3,0,0
BRDA:37,3,1,10
BRDA:55,4,0,2
BRDA:55,4,1,8
BRDA:60,5,0,4
BRDA:60,5,1,4
BRDA:63,6,0,1
BRDA:63,6,1,3
BRDA:78,7,0,2
BRDA:78,7,1,2
BRDA:81,8,0,0
BRDA:81,8,1,2
BRDA:93,9,0,2
BRDA:93,9,1,0
BRDA:103,10,0,4
BRDA:103,10,1,2
BRDA:109,11,0,0
BRDA:109,11,1,1
BRDA:115,12,0,1
BRDA:115,12,1,0
BRDA:125,13,0,0
BRDA:125,13,1,8
BRDA:141,14,0,2
BRDA:141,14,1,6
BRDA:144,15,0,2
BRDA:144,15,1,0
BRDA:146,16,0,0
BRDA:146,16,1,0
BRDA:150,17,0,0
BRDA:150,17,1,1
BRDA:151,18,0,0
BRDA:151,18,1,0
BRDA:155,19,0,0
BRDA:155,19,1,0
BRDA:169,20,0,1
BRDA:169,20,1,5
BRDA:175,21,0,3
BRDA:175,21,1,2
BRDA:177,22,0,1
BRDA:177,22,1,1
BRDA:179,23,0,1
BRDA:179,23,1,0
BRDA:184,24,0,0
BRDA:184,24,1,5
BRDA:184,25,0,5
BRDA:184,25,1,0
BRDA:189,26,0,1
BRDA:189,26,1,4
BRDA:189,27,0,5
BRDA:189,27,1,2
BRDA:189,27,2,4
BRDA:189,27,3,4
BRF:59
BRH:40
end_of_record
TN:
SF:controllers\dataController.js
FN:11,(anonymous_0)
FN:61,(anonymous_1)
FN:94,(anonymous_2)
FN:115,(anonymous_3)
FN:130,(anonymous_4)
FN:151,(anonymous_5)
FN:167,(anonymous_6)
FN:186,(anonymous_7)
FN:204,(anonymous_8)
FN:269,(anonymous_9)
FN:299,(anonymous_10)
FN:341,(anonymous_11)
FN:373,(anonymous_12)
FN:401,(anonymous_13)
FN:423,(anonymous_14)
FN:452,(anonymous_15)
FN:599,(anonymous_16)
FN:658,(anonymous_17)
FN:686,(anonymous_18)
FN:714,(anonymous_19)
FNF:20
FNH:9
FNDA:0,(anonymous_0)
FNDA:1,(anonymous_1)
FNDA:1,(anonymous_2)
FNDA:0,(anonymous_3)
FNDA:0,(anonymous_4)
FNDA:0,(anonymous_5)
FNDA:1,(anonymous_6)
FNDA:0,(anonymous_7)
FNDA:1,(anonymous_8)
FNDA:0,(anonymous_9)
FNDA:1,(anonymous_10)
FNDA:1,(anonymous_11)
FNDA:2,(anonymous_12)
FNDA:2,(anonymous_13)
FNDA:4,(anonymous_14)
FNDA:0,(anonymous_15)
FNDA:0,(anonymous_16)
FNDA:0,(anonymous_17)
FNDA:0,(anonymous_18)
FNDA:0,(anonymous_19)
DA:1,2
DA:2,2
DA:3,2
DA:4,2
DA:5,2
DA:6,2
DA:7,2
DA:8,2
DA:9,2
DA:11,2
DA:12,0
DA:13,0
DA:14,0
DA:15,0
DA:16,0
DA:18,0
DA:19,0
DA:20,0
DA:23,0
DA:24,0
DA:25,0
DA:26,0
DA:27,0
DA:30,0
DA:31,0
DA:32,0
DA:35,0
DA:40,0
DA:48,0
DA:49,0
DA:50,0
DA:56,0
DA:57,0
DA:61,2
DA:62,1
DA:63,1
DA:64,1
DA:65,1
DA:66,1
DA:69,0
DA:70,0
DA:71,0
DA:72,0
DA:73,0
DA:76,0
DA:85,0
DA:86,0
DA:87,0
DA:89,0
DA:90,0
DA:94,2
DA:95,1
DA:96,1
DA:97,1
DA:98,1
DA:101,0
DA:102,0
DA:103,0
DA:104,0
DA:105,0
DA:108,0
DA:113,0
DA:114,0
DA:115,0
DA:125,0
DA:126,0
DA:130,2
DA:131,0
DA:132,0
DA:133,0
DA:134,0
DA:137,0
DA:138,0
DA:139,0
DA:140,0
DA:141,0
DA:144,0
DA:149,0
DA:150,0
DA:151,0
DA:162,0
DA:163,0
DA:167,2
DA:168,1
DA:169,1
DA:170,1
DA:171,1
DA:174,0
DA:175,0
DA:176,0
DA:177,0
DA:178,0
DA:181,0
DA:184,0
DA:186,0
DA:196,0
DA:197,0
DA:199,0
DA:200,0
DA:204,2
DA:205,1
DA:206,1
DA:207,1
DA:208,1
DA:209,1
DA:212,0
DA:213,0
DA:214,0
DA:215,0
DA:216,0
DA:219,0
DA:222,0
DA:223,0
DA:224,0
DA:227,0
DA:228,0
DA:230,0
DA:231,0
DA:232,0
DA:233,0
DA:234,0
DA:238,0
DA:239,0
DA:250,0
DA:251,0
DA:261,0
DA:264,0
DA:265,0
DA:269,2
DA:270,0
DA:271,0
DA:272,0
DA:273,0
DA:276,0
DA:277,0
DA:278,0
DA:279,0
DA:280,0
DA:283,0
DA:294,0
DA:295,0
DA:299,2
DA:300,1
DA:301,1
DA:302,1
DA:303,1
DA:304,1
DA:307,0
DA:308,0
DA:309,0
DA:310,0
DA:311,0
DA:314,0
DA:315,0
DA:316,0
DA:317,0
DA:320,0
DA:321,0
DA:322,0
DA:323,0
DA:324,0
DA:326,0
DA:327,0
DA:329,0
DA:330,0
DA:332,0
DA:333,0
DA:334,0
DA:336,0
DA:337,0
DA:341,2
DA:342,1
DA:343,1
DA:344,1
DA:345,1
DA:346,1
DA:349,0
DA:350,0
DA:351,0
DA:352,0
DA:353,0
DA:356,0
DA:357,0
DA:358,0
DA:359,0
DA:362,0
DA:363,0
DA:364,0
DA:365,0
DA:366,0
DA:368,0
DA:369,0
DA:373,2
DA:374,2
DA:375,2
DA:376,0
DA:377,0
DA:380,2
DA:381,2
DA:382,0
DA:383,0
DA:386,2
DA:387,2
DA:388,2
DA:389,1
DA:390,1
DA:393,1
DA:394,1
DA:395,0
DA:396,0
DA:399,1
DA:400,1
DA:401,2
DA:407,1
DA:418,0
DA:419,0
DA:423,2
DA:424,4
DA:425,4
DA:426,4
DA:427,1
DA:428,1
DA:431,3
DA:432,3
DA:433,3
DA:434,3
DA:435,3
DA:438,0
DA:439,0
DA:440,0
DA:441,0
DA:444,0
DA:450,0
DA:452,0
DA:453,0
DA:454,0
DA:457,0
DA:458,0
DA:465,0
DA:474,0
DA:481,0
DA:483,0
DA:485,0
DA:491,0
DA:497,0
DA:503,0
DA:504,0
DA:505,0
DA:506,0
DA:515,0
DA:522,0
DA:523,0
DA:524,0
DA:525,0
DA:534,0
DA:541,0
DA:542,0
DA:555,0
DA:556,0
DA:557,0
DA:558,0
DA:560,0
DA:562,0
DA:574,0
DA:577,0
DA:584,0
DA:591,0
DA:594,0
DA:595,0
DA:599,2
DA:600,0
DA:601,0
DA:602,0
DA:603,0
DA:604,0
DA:607,0
DA:608,0
DA:609,0
DA:610,0
DA:611,0
DA:614,0
DA:615,0
DA:616,0
DA:617,0
DA:620,0
DA:626,0
DA:627,0
DA:630,0
DA:631,0
DA:632,0
DA:633,0
DA:634,0
DA:636,0
DA:646,0
DA:653,0
DA:654,0
DA:658,2
DA:659,0
DA:660,0
DA:661,0
DA:662,0
DA:665,0
DA:666,0
DA:667,0
DA:668,0
DA:669,0
DA:672,0
DA:681,0
DA:682,0
DA:686,2
DA:687,0
DA:688,0
DA:689,0
DA:690,0
DA:691,0
DA:693,0
DA:694,0
DA:695,0
DA:698,0
DA:699,0
DA:700,0
DA:702,0
DA:703,0
DA:705,0
DA:706,0
DA:707,0
DA:709,0
DA:710,0
DA:714,2
DA:715,0
DA:716,0
DA:717,0
DA:719,0
DA:720,0
DA:721,0
DA:723,0
DA:724,0
DA:725,0
DA:727,0
DA:728,0
DA:729,0
DA:732,0
DA:733,0
DA:734,0
DA:735,0
DA:736,0
DA:739,0
DA:740,0
DA:741,0
DA:742,0
DA:745,0
DA:752,0
DA:753,0
DA:754,0
DA:757,0
DA:758,0
DA:759,0
DA:760,0
DA:769,0
DA:772,0
DA:773,0
DA:774,0
DA:775,0
DA:784,0
DA:787,0
DA:788,0
DA:790,0
DA:791,0
DA:794,0
DA:795,0
DA:796,0
DA:797,0
DA:799,0
DA:801,0
DA:812,0
DA:813,0
DA:814,0
DA:816,0
DA:817,0
DA:821,2
LF:380
LH:78
BRDA:14,0,0,0
BRDA:14,0,1,0
BRDA:18,1,0,0
BRDA:18,1,1,0
BRDA:25,2,0,0
BRDA:25,2,1,0
BRDA:64,3,0,1
BRDA:64,3,1,0
BRDA:71,4,0,0
BRDA:71,4,1,0
BRDA:80,5,0,0
BRDA:80,5,1,0
BRDA:81,6,0,0
BRDA:81,6,1,0
BRDA:96,7,0,1
BRDA:96,7,1,0
BRDA:103,8,0,0
BRDA:103,8,1,0
BRDA:132,9,0,0
BRDA:132,9,1,0
BRDA:139,10,0,0
BRDA:139,10,1,0
BRDA:169,11,0,1
BRDA:169,11,1,0
BRDA:176,12,0,0
BRDA:176,12,1,0
BRDA:207,13,0,1
BRDA:207,13,1,0
BRDA:214,14,0,0
BRDA:214,14,1,0
BRDA:222,15,0,0
BRDA:222,15,1,0
BRDA:222,16,0,0
BRDA:222,16,1,0
BRDA:222,16,2,0
BRDA:228,17,0,0
BRDA:228,17,1,0
BRDA:228,18,0,0
BRDA:228,18,1,0
BRDA:230,19,0,0
BRDA:230,19,1,0
BRDA:231,20,0,0
BRDA:231,20,1,0
BRDA:232,21,0,0
BRDA:232,21,1,0
BRDA:233,22,0,0
BRDA:233,22,1,0
BRDA:245,23,0,0
BRDA:245,23,1,0
BRDA:245,24,0,0
BRDA:245,24,1,0
BRDA:247,25,0,0
BRDA:247,25,1,0
BRDA:247,26,0,0
BRDA:247,26,1,0
BRDA:250,27,0,0
BRDA:250,27,1,0
BRDA:250,28,0,0
BRDA:250,28,1,0
BRDA:271,29,0,0
BRDA:271,29,1,0
BRDA:278,30,0,0
BRDA:278,30,1,0
BRDA:285,31,0,0
BRDA:285,31,1,0
BRDA:302,32,0,1
BRDA:302,32,1,0
BRDA:309,33,0,0
BRDA:309,33,1,0
BRDA:315,34,0,0
BRDA:315,34,1,0
BRDA:315,35,0,0
BRDA:315,35,1,0
BRDA:315,35,2,0
BRDA:320,36,0,0
BRDA:320,36,1,0
BRDA:321,37,0,0
BRDA:321,37,1,0
BRDA:322,38,0,0
BRDA:322,38,1,0
BRDA:322,39,0,0
BRDA:322,39,1,0
BRDA:323,40,0,0
BRDA:323,40,1,0
BRDA:326,41,0,0
BRDA:326,41,1,0
BRDA:329,42,0,0
BRDA:329,42,1,0
BRDA:330,43,0,0
BRDA:330,43,1,0
BRDA:344,44,0,1
BRDA:344,44,1,0
BRDA:351,45,0,0
BRDA:351,45,1,0
BRDA:357,46,0,0
BRDA:357,46,1,0
BRDA:357,47,0,0
BRDA:357,47,1,0
BRDA:375,48,0,0
BRDA:375,48,1,2
BRDA:381,49,0,0
BRDA:381,49,1,2
BRDA:388,50,0,1
BRDA:388,50,1,1
BRDA:394,51,0,0
BRDA:394,51,1,1
BRDA:426,52,0,1
BRDA:426,52,1,3
BRDA:433,53,0,3
BRDA:433,53,1,0
BRDA:433,54,0,3
BRDA:433,54,1,3
BRDA:439,55,0,0
BRDA:439,55,1,0
BRDA:439,56,0,0
BRDA:439,56,1,0
BRDA:457,57,0,0
BRDA:457,57,1,0
BRDA:483,58,0,0
BRDA:483,58,1,0
BRDA:483,58,2,0
BRDA:483,58,3,0
BRDA:483,58,4,0
BRDA:483,58,5,0
BRDA:483,58,6,0
BRDA:503,59,0,0
BRDA:503,59,1,0
BRDA:522,60,0,0
BRDA:522,60,1,0
BRDA:555,61,0,0
BRDA:555,61,1,0
BRDA:557,62,0,0
BRDA:557,62,1,0
BRDA:602,63,0,0
BRDA:602,63,1,0
BRDA:609,64,0,0
BRDA:609,64,1,0
BRDA:609,65,0,0
BRDA:609,65,1,0
BRDA:615,66,0,0
BRDA:615,66,1,0
BRDA:615,67,0,0
BRDA:615,67,1,0
BRDA:626,68,0,0
BRDA:626,68,1,0
BRDA:626,69,0,0
BRDA:626,69,1,0
BRDA:660,70,0,0
BRDA:660,70,1,0
BRDA:667,71,0,0
BRDA:667,71,1,0
BRDA:689,72,0,0
BRDA:689,72,1,0
BRDA:693,73,0,0
BRDA:693,73,1,0
BRDA:700,74,0,0
BRDA:700,74,1,0
BRDA:705,75,0,0
BRDA:705,75,1,0
BRDA:719,76,0,0
BRDA:719,76,1,0
BRDA:719,77,0,0
BRDA:719,77,1,0
BRDA:723,78,0,0
BRDA:723,78,1,0
BRDA:727,79,0,0
BRDA:727,79,1,0
BRDA:734,80,0,0
BRDA:734,80,1,0
BRDA:734,81,0,0
BRDA:734,81,1,0
BRDA:740,82,0,0
BRDA:740,82,1,0
BRDA:740,83,0,0
BRDA:740,83,1,0
BRDA:752,84,0,0
BRDA:752,84,1,0
BRDA:757,85,0,0
BRDA:757,85,1,0
BRDA:772,86,0,0
BRDA:772,86,1,0
BRDA:788,87,0,0
BRDA:788,87,1,0
BRDA:796,88,0,0
BRDA:796,88,1,0
BRDA:812,89,0,0
BRDA:812,89,1,0
BRF:187
BRH:16
end_of_record
TN:
SF:controllers\historyController.js
FN:8,(anonymous_0)
FN:28,(anonymous_1)
FN:35,(anonymous_2)
FN:36,(anonymous_3)
FN:61,(anonymous_4)
FN:87,(anonymous_5)
FN:107,(anonymous_6)
FN:114,(anonymous_7)
FN:115,(anonymous_8)
FN:142,(anonymous_9)
FNF:10
FNH:2
FNDA:3,(anonymous_0)
FNDA:0,(anonymous_1)
FNDA:0,(anonymous_2)
FNDA:0,(anonymous_3)
FNDA:0,(anonymous_4)
FNDA:3,(anonymous_5)
FNDA:0,(anonymous_6)
FNDA:0,(anonymous_7)
FNDA:0,(anonymous_8)
FNDA:0,(anonymous_9)
DA:1,2
DA:2,2
DA:3,2
DA:4,2
DA:5,2
DA:8,2
DA:9,3
DA:10,3
DA:11,1
DA:12,1
DA:15,2
DA:17,2
DA:18,1
DA:19,1
DA:20,1
DA:23,0
DA:26,0
DA:28,0
DA:29,0
DA:31,0
DA:32,0
DA:34,0
DA:36,0
DA:37,0
DA:39,0
DA:40,0
DA:41,0
DA:43,0
DA:44,0
DA:45,0
DA:48,0
DA:59,0
DA:61,0
DA:62,0
DA:64,0
DA:65,0
DA:66,0
DA:71,0
DA:72,0
DA:78,1
DA:79,1
DA:87,2
DA:88,3
DA:89,3
DA:90,1
DA:91,1
DA:94,2
DA:96,2
DA:97,1
DA:98,1
DA:99,1
DA:102,0
DA:105,0
DA:107,0
DA:108,0
DA:110,0
DA:111,0
DA:113,0
DA:115,0
DA:116,0
DA:118,0
DA:119,0
DA:120,0
DA:122,0
DA:123,0
DA:126,0
DA:129,0
DA:140,0
DA:142,0
DA:143,0
DA:145,0
DA:146,0
DA:147,0
DA:152,0
DA:153,0
DA:159,1
DA:160,1
DA:167,2
LF:78
LH:30
BRDA:10,0,0,1
BRDA:10,0,1,2
BRDA:18,1,0,1
BRDA:18,1,1,0
BRDA:37,2,0,0
BRDA:37,2,1,0
BRDA:41,3,0,0
BRDA:41,3,1,0
BRDA:43,4,0,0
BRDA:43,4,1,0
BRDA:44,5,0,0
BRDA:44,5,1,0
BRDA:45,6,0,0
BRDA:45,6,1,0
BRDA:45,7,0,0
BRDA:45,7,1,0
BRDA:45,8,0,0
BRDA:45,8,1,0
BRDA:64,9,0,0
BRDA:64,9,1,0
BRDA:89,10,0,1
BRDA:89,10,1,2
BRDA:97,11,0,1
BRDA:97,11,1,0
BRDA:116,12,0,0
BRDA:116,12,1,0
BRDA:122,13,0,0
BRDA:122,13,1,0
BRDA:123,14,0,0
BRDA:123,14,1,0
BRDA:124,15,0,0
BRDA:124,15,1,0
BRDA:126,16,0,0
BRDA:126,16,1,0
BRDA:126,17,0,0
BRDA:126,17,1,0
BRDA:145,18,0,0
BRDA:145,18,1,0
BRF:38
BRH:6
end_of_record
TN:
SF:middleware\auth.js
FN:4,(anonymous_0)
FNF:1
FNH:1
FNDA:4,(anonymous_0)
DA:1,4
DA:4,4
DA:5,4
DA:6,4
DA:7,4
DA:8,1
DA:9,1
DA:12,3
DA:13,3
DA:14,2
DA:15,2
DA:16,2
DA:18,1
DA:19,1
DA:23,4
LF:15
LH:15
BRDA:7,0,0,1
BRDA:7,0,1,3
BRF:2
BRH:2
end_of_record
TN:
SF:middleware\error.js
FN:4,(anonymous_0)
FN:11,(anonymous_1)
FNF:2
FNH:2
FNDA:5,(anonymous_0)
FNDA:2,(anonymous_1)
DA:1,1
DA:4,1
DA:5,5
DA:6,5
DA:7,5
DA:10,5
DA:11,2
DA:15,4
DA:20,1
LF:9
LH:9
BRDA:5,0,0,5
BRDA:5,0,1,1
BRDA:10,1,0,1
BRDA:10,1,1,4
BRDA:10,2,0,5
BRDA:10,2,1,1
BRDA:15,3,0,4
BRDA:15,3,1,3
BRDA:16,4,0,4
BRDA:16,4,1,1
BRF:10
BRH:10
end_of_record
TN:
SF:models\Admin.js
FNF:0
FNH:0
DA:1,3
DA:2,3
DA:4,3
DA:14,3
LF:4
LH:4
BRF:0
BRH:0
end_of_record
TN:
SF:models\Consent.js
FN:9,(anonymous_0)
FNF:1
FNH:0
FNDA:0,(anonymous_0)
DA:1,6
DA:2,6
DA:5,6
DA:9,0
DA:21,6
LF:5
LH:4
BRF:0
BRH:0
end_of_record
TN:
SF:models\ConsentHistory.js
FNF:0
FNH:0
DA:1,4
DA:2,4
DA:3,4
DA:5,4
DA:28,4
LF:5
LH:5
BRF:0
BRH:0
end_of_record
TN:
SF:models\Credential.js
FN:14,(anonymous_0)
FNF:1
FNH:1
FNDA:2,(anonymous_0)
DA:1,7
DA:2,7
DA:3,7
DA:4,7
DA:7,7
DA:14,7
DA:15,2
DA:17,2
DA:18,2
DA:19,2
DA:20,2
DA:21,2
DA:23,0
DA:24,0
DA:27,0
DA:30,2
DA:33,7
LF:17
LH:14
BRDA:15,0,0,2
BRDA:15,0,1,0
BRDA:17,1,0,2
BRDA:17,1,1,0
BRDA:17,2,0,2
BRDA:17,2,1,2
BRF:6
BRH:4
end_of_record
TN:
SF:models\DataItem.js
FNF:0
FNH:0
DA:1,6
DA:3,6
DA:15,6
LF:3
LH:3
BRF:0
BRH:0
end_of_record
TN:
SF:models\Provider.js
FNF:0
FNH:0
DA:1,9
DA:2,9
DA:5,9
DA:18,9
LF:4
LH:4
BRF:0
BRH:0
end_of_record
TN:
SF:models\ProviderBacklog.js
FN:23,(anonymous_0)
FNF:1
FNH:1
FNDA:2,(anonymous_0)
DA:1,5
DA:2,5
DA:3,5
DA:5,5
DA:23,5
DA:24,2
DA:25,2
DA:26,2
DA:27,2
DA:29,2
DA:32,5
LF:11
LH:11
BRDA:24,0,0,2
BRDA:24,0,1,0
BRF:2
BRH:1
end_of_record
TN:
SF:models\Seeker.js
FNF:0
FNH:0
DA:1,8
DA:2,8
DA:5,8
DA:17,8
LF:4
LH:4
BRF:0
BRH:0
end_of_record
TN:
SF:models\SeekerBacklog.js
FN:21,(anonymous_0)
FNF:1
FNH:1
FNDA:1,(anonymous_0)
DA:1,5
DA:2,5
DA:3,5
DA:5,5
DA:21,5
DA:22,1
DA:23,1
DA:24,1
DA:25,1
DA:27,1
DA:30,5
LF:11
LH:11
BRDA:22,0,0,1
BRDA:22,0,1,0
BRF:2
BRH:1
end_of_record
TN:
SF:routes\adminRoutes.js
FNF:0
FNH:0
DA:1,1
DA:13,1
DA:14,1
DA:15,1
DA:18,1
DA:21,1
DA:24,1
DA:27,1
DA:30,1
DA:33,1
DA:36,1
DA:39,1
DA:42,1
DA:45,1
DA:47,1
LF:15
LH:15
BRF:0
BRH:0
end_of_record
TN:
SF:routes\authRoutes.js
FN:7,(anonymous_0)
FN:10,(anonymous_1)
FN:28,(anonymous_2)
FN:37,(anonymous_3)
FN:41,(anonymous_4)
FN:45,(anonymous_5)
FN:49,(anonymous_6)
FN:53,(anonymous_7)
FN:57,(anonymous_8)
FN:63,(anonymous_9)
FN:67,(anonymous_10)
FN:71,(anonymous_11)
FN:75,(anonymous_12)
FN:79,(anonymous_13)
FNF:14
FNH:13
FNDA:6,(anonymous_0)
FNDA:0,(anonymous_1)
FNDA:4,(anonymous_2)
FNDA:4,(anonymous_3)
FNDA:4,(anonymous_4)
FNDA:4,(anonymous_5)
FNDA:4,(anonymous_6)
FNDA:4,(anonymous_7)
FNDA:4,(anonymous_8)
FNDA:4,(anonymous_9)
FNDA:4,(anonymous_10)
FNDA:4,(anonymous_11)
FNDA:4,(anonymous_12)
FNDA:4,(anonymous_13)
DA:1,1
DA:2,1
DA:3,1
DA:4,1
DA:7,1
DA:8,6
DA:9,6
DA:10,0
DA:12,6
DA:16,1
DA:28,4
DA:37,4
DA:41,4
DA:45,4
DA:49,4
DA:53,4
DA:57,4
DA:63,4
DA:67,4
DA:71,4
DA:75,4
DA:79,4
DA:85,1
DA:91,1
LF:24
LH:23
BRDA:9,0,0,0
BRDA:9,0,1,6
BRDA:45,1,0,4
BRDA:45,1,1,2
BRF:4
BRH:3
end_of_record
TN:
SF:routes\providerRoutes.js
FNF:0
FNH:0
DA:1,0
DA:13,0
DA:14,0
DA:15,0
DA:16,0
DA:17,0
DA:20,0
DA:25,0
DA:28,0
DA:31,0
DA:34,0
DA:37,0
DA:40,0
DA:43,0
DA:46,0
DA:49,0
DA:52,0
DA:55,0
DA:57,0
LF:19
LH:0
BRF:0
BRH:0
end_of_record
TN:
SF:routes\seekerRoutes.js
FNF:0
FNH:0
DA:1,1
DA:2,1
DA:3,1
DA:4,1
DA:5,1
DA:8,1
DA:9,1
DA:10,1
DA:11,1
DA:12,1
DA:13,1
DA:15,1
LF:12
LH:12
BRF:0
BRH:0
end_of_record
TN:
SF:utils\jwtToken.js
FN:4,(anonymous_0)
FN:15,(anonymous_1)
FNF:2
FNH:2
FNDA:3,(anonymous_0)
FNDA:3,(anonymous_1)
DA:1,8
DA:2,8
DA:4,8
DA:5,3
DA:6,3
DA:7,1
DA:8,1
DA:10,2
DA:11,2
DA:12,2
DA:15,8
DA:16,3
DA:17,3
DA:18,1
DA:19,1
DA:21,2
DA:22,2
DA:23,1
DA:24,1
DA:26,1
DA:27,1
DA:31,8
LF:22
LH:22
BRDA:4,0,0,2
BRDA:6,1,0,1
BRDA:6,1,1,2
BRDA:17,2,0,1
BRDA:17,2,1,2
BRF:5
BRH:5
end_of_record
TN:
SF:utils\logger.js
FNF:0
FNH:0
DA:1,0
DA:4,0
DA:17,0
LF:3
LH:0
BRF:0
BRH:0
end_of_record
TN:
SF:utils\passwordHash.js
FN:5,(anonymous_0)
FN:14,(anonymous_1)
FNF:2
FNH:2
FNDA:2,(anonymous_0)
FNDA:3,(anonymous_1)
DA:1,12
DA:5,12
DA:6,2
DA:7,2
DA:8,1
DA:9,1
DA:10,1
DA:14,12
DA:15,3
DA:16,3
DA:17,2
DA:18,2
DA:21,12
LF:13
LH:13
BRF:0
BRH:0
end_of_record
